2021-03-11 18:51:11,151 - mainapp - INFO - 274: testvariabele_1 in Light class = 0
2021-03-11 18:51:11,611 - mainapp - INFO - 352: End <__main__.Window object at 0x7feff7780700>
2021-03-11 18:51:11,613 - mainapp - INFO - 284: self.testvariabele_1 = 0
2021-03-11 18:51:11,614 - mainapp - INFO - 983: Voor creëren thread process_timers
2021-03-11 18:51:11,614 - mainapp - INFO - 286: OUTPUT LIGHT OFF
2021-03-11 18:51:11,614 - mainapp - INFO - 985: Voor creëren thread light
2021-03-11 18:51:11,623 - mainapp - DEBUG - 118: Het is 18 uur en 51 minuten
2021-03-11 18:51:11,624 - mainapp - DEBUG - 119: Lamp gaat aan om 08:00:00
2021-03-11 18:51:11,624 - mainapp - DEBUG - 120: Lamp gaat uit om 20:08:00
2021-03-11 18:51:11,625 - mainapp - DEBUG - 121: Licht is aan gedurende 12:08:00
2021-03-11 18:51:11,627 - mainapp - DEBUG - 122: Pomp werkt gedurende 00:05:00 en gaat 4 keer aan om de 3:02:00
2021-03-11 18:51:11,627 - mainapp - DEBUG - 124: Airstone gaat 00:04:00 voor de pomp aan
2021-03-11 18:51:11,627 - mainapp - DEBUG - 129: Light.lightvariabele_1 = 1
2021-03-11 18:51:11,628 - mainapp - INFO - 131: TIMER LIGHT ON
2021-03-11 18:51:21,617 - mainapp - INFO - 279: self.testvariabele_1 = 1
2021-03-11 18:51:21,618 - mainapp - INFO - 281: OUTPUT LIGHT ON
2021-03-11 18:51:21,634 - mainapp - DEBUG - 118: Het is 18 uur en 51 minuten
2021-03-11 18:51:21,634 - mainapp - DEBUG - 119: Lamp gaat aan om 08:00:00
2021-03-11 18:51:21,634 - mainapp - DEBUG - 120: Lamp gaat uit om 20:08:00
2021-03-11 18:51:21,635 - mainapp - DEBUG - 121: Licht is aan gedurende 12:08:00
2021-03-11 18:51:21,635 - mainapp - DEBUG - 122: Pomp werkt gedurende 00:05:00 en gaat 4 keer aan om de 3:02:00
2021-03-11 18:51:21,635 - mainapp - DEBUG - 124: Airstone gaat 00:04:00 voor de pomp aan
2021-03-11 18:51:21,635 - mainapp - DEBUG - 129: Light.lightvariabele_1 = 1
2021-03-11 18:51:21,636 - mainapp - INFO - 131: TIMER LIGHT ON
2021-03-11 18:51:31,619 - mainapp - INFO - 279: self.testvariabele_1 = 1
2021-03-11 18:51:31,620 - mainapp - INFO - 281: OUTPUT LIGHT ON
2021-03-11 18:51:31,639 - mainapp - DEBUG - 118: Het is 18 uur en 51 minuten
2021-03-11 18:51:31,640 - mainapp - DEBUG - 119: Lamp gaat aan om 08:00:00
2021-03-11 18:51:31,640 - mainapp - DEBUG - 120: Lamp gaat uit om 20:08:00
2021-03-11 18:51:31,640 - mainapp - DEBUG - 121: Licht is aan gedurende 12:08:00
2021-03-11 18:51:31,640 - mainapp - DEBUG - 122: Pomp werkt gedurende 00:05:00 en gaat 4 keer aan om de 3:02:00
2021-03-11 18:51:31,641 - mainapp - DEBUG - 124: Airstone gaat 00:04:00 voor de pomp aan
2021-03-11 18:51:31,641 - mainapp - DEBUG - 129: Light.lightvariabele_1 = 1
2021-03-11 18:51:31,641 - mainapp - INFO - 131: TIMER LIGHT ON
2021-03-11 18:51:41,624 - mainapp - INFO - 279: self.testvariabele_1 = 1
2021-03-11 18:51:41,625 - mainapp - INFO - 281: OUTPUT LIGHT ON
2021-03-11 18:51:41,647 - mainapp - DEBUG - 118: Het is 18 uur en 51 minuten
2021-03-11 18:51:41,647 - mainapp - DEBUG - 119: Lamp gaat aan om 08:00:00
2021-03-11 18:51:41,647 - mainapp - DEBUG - 120: Lamp gaat uit om 20:08:00
2021-03-11 18:51:41,647 - mainapp - DEBUG - 121: Licht is aan gedurende 12:08:00
2021-03-11 18:51:41,648 - mainapp - DEBUG - 122: Pomp werkt gedurende 00:05:00 en gaat 4 keer aan om de 3:02:00
2021-03-11 18:51:41,648 - mainapp - DEBUG - 124: Airstone gaat 00:04:00 voor de pomp aan
2021-03-11 18:51:41,648 - mainapp - DEBUG - 129: Light.lightvariabele_1 = 1
2021-03-11 18:51:41,648 - mainapp - INFO - 131: TIMER LIGHT ON
2021-03-11 18:51:51,630 - mainapp - INFO - 279: self.testvariabele_1 = 1
2021-03-11 18:51:51,631 - mainapp - INFO - 281: OUTPUT LIGHT ON
2021-03-11 18:51:51,652 - mainapp - DEBUG - 118: Het is 18 uur en 51 minuten
2021-03-11 18:51:51,652 - mainapp - DEBUG - 119: Lamp gaat aan om 08:00:00
2021-03-11 18:51:51,653 - mainapp - DEBUG - 120: Lamp gaat uit om 20:08:00
2021-03-11 18:51:51,653 - mainapp - DEBUG - 121: Licht is aan gedurende 12:08:00
2021-03-11 18:51:51,653 - mainapp - DEBUG - 122: Pomp werkt gedurende 00:05:00 en gaat 4 keer aan om de 3:02:00
2021-03-11 18:51:51,653 - mainapp - DEBUG - 124: Airstone gaat 00:04:00 voor de pomp aan
2021-03-11 18:51:51,654 - mainapp - DEBUG - 129: Light.lightvariabele_1 = 1
2021-03-11 18:51:51,654 - mainapp - INFO - 131: TIMER LIGHT ON
2021-03-11 18:52:01,633 - mainapp - INFO - 279: self.testvariabele_1 = 1
2021-03-11 18:52:01,634 - mainapp - INFO - 281: OUTPUT LIGHT ON
2021-03-11 18:52:01,657 - mainapp - DEBUG - 118: Het is 18 uur en 52 minuten
2021-03-11 18:52:01,657 - mainapp - DEBUG - 119: Lamp gaat aan om 08:00:00
2021-03-11 18:52:01,657 - mainapp - DEBUG - 120: Lamp gaat uit om 20:08:00
2021-03-11 18:52:01,658 - mainapp - DEBUG - 121: Licht is aan gedurende 12:08:00
2021-03-11 18:52:01,658 - mainapp - DEBUG - 122: Pomp werkt gedurende 00:05:00 en gaat 4 keer aan om de 3:02:00
2021-03-11 18:52:01,658 - mainapp - DEBUG - 124: Airstone gaat 00:04:00 voor de pomp aan
2021-03-11 18:52:01,658 - mainapp - DEBUG - 129: Light.lightvariabele_1 = 1
2021-03-11 18:52:01,659 - mainapp - INFO - 131: TIMER LIGHT ON
2021-03-11 18:52:11,634 - mainapp - INFO - 279: self.testvariabele_1 = 1
2021-03-11 18:52:11,635 - mainapp - INFO - 281: OUTPUT LIGHT ON
2021-03-11 18:52:11,660 - mainapp - DEBUG - 118: Het is 18 uur en 52 minuten
2021-03-11 18:52:11,660 - mainapp - DEBUG - 119: Lamp gaat aan om 08:00:00
2021-03-11 18:52:11,660 - mainapp - DEBUG - 120: Lamp gaat uit om 20:08:00
2021-03-11 18:52:11,661 - mainapp - DEBUG - 121: Licht is aan gedurende 12:08:00
2021-03-11 18:52:11,661 - mainapp - DEBUG - 122: Pomp werkt gedurende 00:05:00 en gaat 4 keer aan om de 3:02:00
2021-03-11 18:52:11,661 - mainapp - DEBUG - 124: Airstone gaat 00:04:00 voor de pomp aan
2021-03-11 18:52:11,661 - mainapp - DEBUG - 129: Light.lightvariabele_1 = 1
2021-03-11 18:52:11,661 - mainapp - INFO - 131: TIMER LIGHT ON
2021-03-11 18:52:21,635 - mainapp - INFO - 279: self.testvariabele_1 = 1
2021-03-11 18:52:21,635 - mainapp - INFO - 281: OUTPUT LIGHT ON
2021-03-11 18:52:21,663 - mainapp - DEBUG - 118: Het is 18 uur en 52 minuten
2021-03-11 18:52:21,663 - mainapp - DEBUG - 119: Lamp gaat aan om 08:00:00
2021-03-11 18:52:21,664 - mainapp - DEBUG - 120: Lamp gaat uit om 20:08:00
2021-03-11 18:52:21,664 - mainapp - DEBUG - 121: Licht is aan gedurende 12:08:00
2021-03-11 18:52:21,665 - mainapp - DEBUG - 122: Pomp werkt gedurende 00:05:00 en gaat 4 keer aan om de 3:02:00
2021-03-11 18:52:21,665 - mainapp - DEBUG - 124: Airstone gaat 00:04:00 voor de pomp aan
2021-03-11 18:52:21,665 - mainapp - DEBUG - 129: Light.lightvariabele_1 = 1
2021-03-11 18:52:21,665 - mainapp - INFO - 131: TIMER LIGHT ON
2021-03-11 18:52:31,670 - mainapp - INFO - 279: self.testvariabele_1 = 1
2021-03-11 18:52:31,690 - mainapp - INFO - 281: OUTPUT LIGHT ON
2021-03-11 18:52:31,672 - mainapp - DEBUG - 118: Het is 18 uur en 52 minuten
2021-03-11 18:52:31,692 - mainapp - DEBUG - 119: Lamp gaat aan om 08:00:00
2021-03-11 18:52:31,692 - mainapp - DEBUG - 120: Lamp gaat uit om 20:08:00
2021-03-11 18:52:31,693 - mainapp - DEBUG - 121: Licht is aan gedurende 12:08:00
2021-03-11 18:52:31,694 - mainapp - DEBUG - 122: Pomp werkt gedurende 00:05:00 en gaat 4 keer aan om de 3:02:00
2021-03-11 18:52:31,695 - mainapp - DEBUG - 124: Airstone gaat 00:04:00 voor de pomp aan
2021-03-11 18:52:31,717 - mainapp - DEBUG - 129: Light.lightvariabele_1 = 1
2021-03-11 18:52:31,717 - mainapp - INFO - 131: TIMER LIGHT ON
2021-03-11 18:52:51,690 - mainapp - INFO - 279: self.testvariabele_1 = 1
2021-03-11 18:52:51,695 - mainapp - INFO - 281: OUTPUT LIGHT ON
2021-03-11 18:52:51,718 - mainapp - DEBUG - 118: Het is 18 uur en 52 minuten
2021-03-11 18:52:51,719 - mainapp - DEBUG - 119: Lamp gaat aan om 08:00:00
2021-03-11 18:52:51,719 - mainapp - DEBUG - 120: Lamp gaat uit om 20:08:00
2021-03-11 18:52:51,719 - mainapp - DEBUG - 121: Licht is aan gedurende 12:08:00
2021-03-11 18:52:51,720 - mainapp - DEBUG - 122: Pomp werkt gedurende 00:05:00 en gaat 4 keer aan om de 3:02:00
2021-03-11 18:52:51,720 - mainapp - DEBUG - 124: Airstone gaat 00:04:00 voor de pomp aan
2021-03-11 18:52:51,720 - mainapp - DEBUG - 129: Light.lightvariabele_1 = 1
2021-03-11 18:52:51,721 - mainapp - INFO - 131: TIMER LIGHT ON
2021-03-11 18:53:01,699 - mainapp - INFO - 279: self.testvariabele_1 = 1
2021-03-11 18:53:01,700 - mainapp - INFO - 281: OUTPUT LIGHT ON
2021-03-11 18:53:01,722 - mainapp - DEBUG - 118: Het is 18 uur en 53 minuten
2021-03-11 18:53:01,722 - mainapp - DEBUG - 119: Lamp gaat aan om 08:00:00
2021-03-11 18:53:01,722 - mainapp - DEBUG - 120: Lamp gaat uit om 20:08:00
2021-03-11 18:53:01,723 - mainapp - DEBUG - 121: Licht is aan gedurende 12:08:00
2021-03-11 18:53:01,723 - mainapp - DEBUG - 122: Pomp werkt gedurende 00:05:00 en gaat 4 keer aan om de 3:02:00
2021-03-11 18:53:01,723 - mainapp - DEBUG - 124: Airstone gaat 00:04:00 voor de pomp aan
2021-03-11 18:53:01,724 - mainapp - DEBUG - 129: Light.lightvariabele_1 = 1
2021-03-11 18:53:01,724 - mainapp - INFO - 131: TIMER LIGHT ON
2021-03-11 18:53:11,700 - mainapp - INFO - 279: self.testvariabele_1 = 1
2021-03-11 18:53:11,700 - mainapp - INFO - 281: OUTPUT LIGHT ON
2021-03-11 18:53:11,726 - mainapp - DEBUG - 118: Het is 18 uur en 53 minuten
2021-03-11 18:53:11,726 - mainapp - DEBUG - 119: Lamp gaat aan om 08:00:00
2021-03-11 18:53:11,727 - mainapp - DEBUG - 120: Lamp gaat uit om 20:08:00
2021-03-11 18:53:11,727 - mainapp - DEBUG - 121: Licht is aan gedurende 12:08:00
2021-03-11 18:53:11,727 - mainapp - DEBUG - 122: Pomp werkt gedurende 00:05:00 en gaat 4 keer aan om de 3:02:00
2021-03-11 18:53:11,728 - mainapp - DEBUG - 124: Airstone gaat 00:04:00 voor de pomp aan
2021-03-11 18:53:11,728 - mainapp - DEBUG - 129: Light.lightvariabele_1 = 1
2021-03-11 18:53:11,728 - mainapp - INFO - 131: TIMER LIGHT ON
2021-03-11 18:53:31,700 - mainapp - INFO - 279: self.testvariabele_1 = 1
2021-03-11 18:53:31,701 - mainapp - INFO - 281: OUTPUT LIGHT ON
2021-03-11 18:53:31,729 - mainapp - DEBUG - 118: Het is 18 uur en 53 minuten
2021-03-11 18:53:31,730 - mainapp - DEBUG - 119: Lamp gaat aan om 08:00:00
2021-03-11 18:53:31,730 - mainapp - DEBUG - 120: Lamp gaat uit om 20:08:00
2021-03-11 18:53:31,730 - mainapp - DEBUG - 121: Licht is aan gedurende 12:08:00
2021-03-11 18:53:31,731 - mainapp - DEBUG - 122: Pomp werkt gedurende 00:05:00 en gaat 4 keer aan om de 3:02:00
2021-03-11 18:53:31,731 - mainapp - DEBUG - 124: Airstone gaat 00:04:00 voor de pomp aan
2021-03-11 18:53:31,731 - mainapp - DEBUG - 129: Light.lightvariabele_1 = 1
2021-03-11 18:53:31,732 - mainapp - INFO - 131: TIMER LIGHT ON
2021-03-11 18:53:47,873 - mainapp - INFO - 279: self.testvariabele_1 = 1
2021-03-11 18:53:47,876 - mainapp - INFO - 281: OUTPUT LIGHT ON
2021-03-11 18:53:47,881 - mainapp - DEBUG - 118: Het is 18 uur en 53 minuten
2021-03-11 18:53:47,881 - mainapp - DEBUG - 119: Lamp gaat aan om 08:00:00
2021-03-11 18:53:47,882 - mainapp - DEBUG - 120: Lamp gaat uit om 20:08:00
2021-03-11 18:53:47,882 - mainapp - DEBUG - 121: Licht is aan gedurende 12:08:00
2021-03-11 18:53:47,882 - mainapp - DEBUG - 122: Pomp werkt gedurende 00:05:00 en gaat 4 keer aan om de 3:02:00
2021-03-11 18:53:47,883 - mainapp - DEBUG - 124: Airstone gaat 00:04:00 voor de pomp aan
2021-03-11 18:53:47,883 - mainapp - DEBUG - 129: Light.lightvariabele_1 = 1
2021-03-11 18:53:47,883 - mainapp - INFO - 131: TIMER LIGHT ON
2021-03-11 18:53:57,877 - mainapp - INFO - 279: self.testvariabele_1 = 1
2021-03-11 18:53:57,878 - mainapp - INFO - 281: OUTPUT LIGHT ON
2021-03-11 18:53:57,884 - mainapp - DEBUG - 118: Het is 18 uur en 53 minuten
2021-03-11 18:53:57,885 - mainapp - DEBUG - 119: Lamp gaat aan om 08:00:00
2021-03-11 18:53:57,885 - mainapp - DEBUG - 120: Lamp gaat uit om 20:08:00
2021-03-11 18:53:57,885 - mainapp - DEBUG - 121: Licht is aan gedurende 12:08:00
2021-03-11 18:53:57,885 - mainapp - DEBUG - 122: Pomp werkt gedurende 00:05:00 en gaat 4 keer aan om de 3:02:00
2021-03-11 18:53:57,885 - mainapp - DEBUG - 124: Airstone gaat 00:04:00 voor de pomp aan
2021-03-11 18:53:57,886 - mainapp - DEBUG - 129: Light.lightvariabele_1 = 1
2021-03-11 18:53:57,886 - mainapp - INFO - 131: TIMER LIGHT ON
2021-03-11 18:54:03,229 - mainapp - INFO - 568: End <__main__.PlotWindow object at 0x7feff778a0d0>
2021-03-11 18:54:03,230 - mainapp - INFO - 424: End <__main__.TemperatureWindow object at 0x7feff7780d30>
2021-03-11 18:54:07,881 - mainapp - INFO - 279: self.testvariabele_1 = 1
2021-03-11 18:54:07,882 - mainapp - INFO - 281: OUTPUT LIGHT ON
2021-03-11 18:54:07,890 - mainapp - DEBUG - 118: Het is 18 uur en 54 minuten
2021-03-11 18:54:07,891 - mainapp - DEBUG - 119: Lamp gaat aan om 08:00:00
2021-03-11 18:54:07,891 - mainapp - DEBUG - 120: Lamp gaat uit om 20:08:00
2021-03-11 18:54:07,891 - mainapp - DEBUG - 121: Licht is aan gedurende 12:08:00
2021-03-11 18:54:07,891 - mainapp - DEBUG - 122: Pomp werkt gedurende 00:05:00 en gaat 4 keer aan om de 3:02:00
2021-03-11 18:54:07,891 - mainapp - DEBUG - 124: Airstone gaat 00:04:00 voor de pomp aan
2021-03-11 18:54:07,892 - mainapp - DEBUG - 129: Light.lightvariabele_1 = 1
2021-03-11 18:54:07,892 - mainapp - INFO - 131: TIMER LIGHT ON
2021-03-11 18:54:17,883 - mainapp - INFO - 279: self.testvariabele_1 = 1
2021-03-11 18:54:17,884 - mainapp - INFO - 281: OUTPUT LIGHT ON
2021-03-11 18:54:17,896 - mainapp - DEBUG - 118: Het is 18 uur en 54 minuten
2021-03-11 18:54:17,896 - mainapp - DEBUG - 119: Lamp gaat aan om 08:00:00
2021-03-11 18:54:17,897 - mainapp - DEBUG - 120: Lamp gaat uit om 20:08:00
2021-03-11 18:54:17,897 - mainapp - DEBUG - 121: Licht is aan gedurende 12:08:00
2021-03-11 18:54:17,897 - mainapp - DEBUG - 122: Pomp werkt gedurende 00:05:00 en gaat 4 keer aan om de 3:02:00
2021-03-11 18:54:17,897 - mainapp - DEBUG - 124: Airstone gaat 00:04:00 voor de pomp aan
2021-03-11 18:54:17,898 - mainapp - DEBUG - 129: Light.lightvariabele_1 = 1
2021-03-11 18:54:17,898 - mainapp - INFO - 131: TIMER LIGHT ON
2021-03-11 18:54:20,015 - mainapp - INFO - 352: End <__main__.Window object at 0x7feff8f215e0>
2021-03-11 18:54:27,887 - mainapp - INFO - 279: self.testvariabele_1 = 1
2021-03-11 18:54:27,890 - mainapp - INFO - 281: OUTPUT LIGHT ON
2021-03-11 18:54:27,903 - mainapp - DEBUG - 118: Het is 18 uur en 54 minuten
2021-03-11 18:54:27,903 - mainapp - DEBUG - 119: Lamp gaat aan om 08:00:00
2021-03-11 18:54:27,904 - mainapp - DEBUG - 120: Lamp gaat uit om 20:08:00
2021-03-11 18:54:27,904 - mainapp - DEBUG - 121: Licht is aan gedurende 12:08:00
2021-03-11 18:54:27,904 - mainapp - DEBUG - 122: Pomp werkt gedurende 00:05:00 en gaat 4 keer aan om de 3:02:00
2021-03-11 18:54:27,905 - mainapp - DEBUG - 124: Airstone gaat 00:04:00 voor de pomp aan
2021-03-11 18:54:27,905 - mainapp - DEBUG - 129: Light.lightvariabele_1 = 1
2021-03-11 18:54:27,905 - mainapp - INFO - 131: TIMER LIGHT ON
2021-03-11 18:54:37,893 - mainapp - INFO - 279: self.testvariabele_1 = 1
2021-03-11 18:54:37,894 - mainapp - INFO - 281: OUTPUT LIGHT ON
2021-03-11 18:54:37,912 - mainapp - DEBUG - 118: Het is 18 uur en 54 minuten
2021-03-11 18:54:37,913 - mainapp - DEBUG - 119: Lamp gaat aan om 08:00:00
2021-03-11 18:54:37,914 - mainapp - DEBUG - 120: Lamp gaat uit om 20:08:00
2021-03-11 18:54:37,915 - mainapp - DEBUG - 121: Licht is aan gedurende 12:08:00
2021-03-11 18:54:37,916 - mainapp - DEBUG - 122: Pomp werkt gedurende 00:05:00 en gaat 4 keer aan om de 3:02:00
2021-03-11 18:54:37,917 - mainapp - DEBUG - 124: Airstone gaat 00:04:00 voor de pomp aan
2021-03-11 18:54:37,917 - mainapp - DEBUG - 129: Light.lightvariabele_1 = 1
2021-03-11 18:54:37,918 - mainapp - INFO - 131: TIMER LIGHT ON
2021-03-11 18:54:47,897 - mainapp - INFO - 279: self.testvariabele_1 = 1
2021-03-11 18:54:47,898 - mainapp - INFO - 281: OUTPUT LIGHT ON
2021-03-11 18:54:47,922 - mainapp - DEBUG - 118: Het is 18 uur en 54 minuten
2021-03-11 18:54:47,923 - mainapp - DEBUG - 119: Lamp gaat aan om 08:00:00
2021-03-11 18:54:47,923 - mainapp - DEBUG - 120: Lamp gaat uit om 20:08:00
2021-03-11 18:54:47,923 - mainapp - DEBUG - 121: Licht is aan gedurende 12:08:00
2021-03-11 18:54:47,923 - mainapp - DEBUG - 122: Pomp werkt gedurende 00:05:00 en gaat 4 keer aan om de 3:02:00
2021-03-11 18:54:47,924 - mainapp - DEBUG - 124: Airstone gaat 00:04:00 voor de pomp aan
2021-03-11 18:54:47,924 - mainapp - DEBUG - 129: Light.lightvariabele_1 = 1
2021-03-11 18:54:47,924 - mainapp - INFO - 131: TIMER LIGHT ON
2021-03-11 18:54:57,901 - mainapp - INFO - 279: self.testvariabele_1 = 1
2021-03-11 18:54:57,902 - mainapp - INFO - 281: OUTPUT LIGHT ON
2021-03-11 18:54:57,925 - mainapp - DEBUG - 118: Het is 18 uur en 54 minuten
2021-03-11 18:54:57,926 - mainapp - DEBUG - 119: Lamp gaat aan om 08:00:00
2021-03-11 18:54:57,926 - mainapp - DEBUG - 120: Lamp gaat uit om 20:08:00
2021-03-11 18:54:57,926 - mainapp - DEBUG - 121: Licht is aan gedurende 12:08:00
2021-03-11 18:54:57,926 - mainapp - DEBUG - 122: Pomp werkt gedurende 00:05:00 en gaat 4 keer aan om de 3:02:00
2021-03-11 18:54:57,927 - mainapp - DEBUG - 124: Airstone gaat 00:04:00 voor de pomp aan
2021-03-11 18:54:57,927 - mainapp - DEBUG - 129: Light.lightvariabele_1 = 1
2021-03-11 18:54:57,927 - mainapp - INFO - 131: TIMER LIGHT ON
2021-03-11 18:55:17,901 - mainapp - INFO - 279: self.testvariabele_1 = 1
2021-03-11 18:55:17,904 - mainapp - INFO - 281: OUTPUT LIGHT ON
2021-03-11 18:55:17,928 - mainapp - DEBUG - 118: Het is 18 uur en 55 minuten
2021-03-11 18:55:17,928 - mainapp - DEBUG - 119: Lamp gaat aan om 08:00:00
2021-03-11 18:55:17,929 - mainapp - DEBUG - 120: Lamp gaat uit om 20:08:00
2021-03-11 18:55:17,929 - mainapp - DEBUG - 121: Licht is aan gedurende 12:08:00
2021-03-11 18:55:17,929 - mainapp - DEBUG - 122: Pomp werkt gedurende 00:05:00 en gaat 4 keer aan om de 3:02:00
2021-03-11 18:55:17,929 - mainapp - DEBUG - 124: Airstone gaat 00:04:00 voor de pomp aan
2021-03-11 18:55:17,930 - mainapp - DEBUG - 129: Light.lightvariabele_1 = 1
2021-03-11 18:55:17,930 - mainapp - INFO - 131: TIMER LIGHT ON
2021-03-11 18:55:37,904 - mainapp - INFO - 279: self.testvariabele_1 = 1
2021-03-11 18:55:37,904 - mainapp - INFO - 281: OUTPUT LIGHT ON
2021-03-11 18:55:37,930 - mainapp - DEBUG - 118: Het is 18 uur en 55 minuten
2021-03-11 18:55:37,931 - mainapp - DEBUG - 119: Lamp gaat aan om 08:00:00
2021-03-11 18:55:37,931 - mainapp - DEBUG - 120: Lamp gaat uit om 20:08:00
2021-03-11 18:55:37,931 - mainapp - DEBUG - 121: Licht is aan gedurende 12:08:00
2021-03-11 18:55:37,932 - mainapp - DEBUG - 122: Pomp werkt gedurende 00:05:00 en gaat 4 keer aan om de 3:02:00
2021-03-11 18:55:37,932 - mainapp - DEBUG - 124: Airstone gaat 00:04:00 voor de pomp aan
2021-03-11 18:55:37,932 - mainapp - DEBUG - 129: Light.lightvariabele_1 = 1
2021-03-11 18:55:37,932 - mainapp - INFO - 131: TIMER LIGHT ON
2021-03-11 18:55:47,904 - mainapp - INFO - 279: self.testvariabele_1 = 1
2021-03-11 18:55:47,905 - mainapp - INFO - 281: OUTPUT LIGHT ON
2021-03-11 18:55:47,934 - mainapp - DEBUG - 118: Het is 18 uur en 55 minuten
2021-03-11 18:55:47,934 - mainapp - DEBUG - 119: Lamp gaat aan om 08:00:00
2021-03-11 18:55:47,934 - mainapp - DEBUG - 120: Lamp gaat uit om 20:08:00
2021-03-11 18:55:47,934 - mainapp - DEBUG - 121: Licht is aan gedurende 12:08:00
2021-03-11 18:55:47,935 - mainapp - DEBUG - 122: Pomp werkt gedurende 00:05:00 en gaat 4 keer aan om de 3:02:00
2021-03-11 18:55:47,935 - mainapp - DEBUG - 124: Airstone gaat 00:04:00 voor de pomp aan
2021-03-11 18:55:47,935 - mainapp - DEBUG - 129: Light.lightvariabele_1 = 1
2021-03-11 18:55:47,936 - mainapp - INFO - 131: TIMER LIGHT ON
2021-03-11 18:56:07,905 - mainapp - INFO - 279: self.testvariabele_1 = 1
2021-03-11 18:56:07,921 - mainapp - INFO - 281: OUTPUT LIGHT ON
2021-03-11 18:56:07,936 - mainapp - DEBUG - 118: Het is 18 uur en 56 minuten
2021-03-11 18:56:07,937 - mainapp - DEBUG - 119: Lamp gaat aan om 08:00:00
2021-03-11 18:56:07,937 - mainapp - DEBUG - 120: Lamp gaat uit om 20:08:00
2021-03-11 18:56:07,937 - mainapp - DEBUG - 121: Licht is aan gedurende 12:08:00
2021-03-11 18:56:07,937 - mainapp - DEBUG - 122: Pomp werkt gedurende 00:05:00 en gaat 4 keer aan om de 3:02:00
2021-03-11 18:56:07,938 - mainapp - DEBUG - 124: Airstone gaat 00:04:00 voor de pomp aan
2021-03-11 18:56:07,938 - mainapp - DEBUG - 129: Light.lightvariabele_1 = 1
2021-03-11 18:56:07,938 - mainapp - INFO - 131: TIMER LIGHT ON
2021-03-11 18:56:17,922 - mainapp - INFO - 279: self.testvariabele_1 = 1
2021-03-11 18:56:17,924 - mainapp - INFO - 281: OUTPUT LIGHT ON
2021-03-11 18:56:17,939 - mainapp - DEBUG - 118: Het is 18 uur en 56 minuten
2021-03-11 18:56:17,940 - mainapp - DEBUG - 119: Lamp gaat aan om 08:00:00
2021-03-11 18:56:17,940 - mainapp - DEBUG - 120: Lamp gaat uit om 20:08:00
2021-03-11 18:56:17,941 - mainapp - DEBUG - 121: Licht is aan gedurende 12:08:00
2021-03-11 18:56:17,942 - mainapp - DEBUG - 122: Pomp werkt gedurende 00:05:00 en gaat 4 keer aan om de 3:02:00
2021-03-11 18:56:17,942 - mainapp - DEBUG - 124: Airstone gaat 00:04:00 voor de pomp aan
2021-03-11 18:56:17,943 - mainapp - DEBUG - 129: Light.lightvariabele_1 = 1
2021-03-11 18:56:17,943 - mainapp - INFO - 131: TIMER LIGHT ON
2021-03-11 18:56:27,924 - mainapp - INFO - 279: self.testvariabele_1 = 1
2021-03-11 18:56:27,925 - mainapp - INFO - 281: OUTPUT LIGHT ON
2021-03-11 18:56:27,944 - mainapp - DEBUG - 118: Het is 18 uur en 56 minuten
2021-03-11 18:56:27,945 - mainapp - DEBUG - 119: Lamp gaat aan om 08:00:00
2021-03-11 18:56:27,945 - mainapp - DEBUG - 120: Lamp gaat uit om 20:08:00
2021-03-11 18:56:27,945 - mainapp - DEBUG - 121: Licht is aan gedurende 12:08:00
2021-03-11 18:56:27,946 - mainapp - DEBUG - 122: Pomp werkt gedurende 00:05:00 en gaat 4 keer aan om de 3:02:00
2021-03-11 18:56:27,946 - mainapp - DEBUG - 124: Airstone gaat 00:04:00 voor de pomp aan
2021-03-11 18:56:27,946 - mainapp - DEBUG - 129: Light.lightvariabele_1 = 1
2021-03-11 18:56:27,947 - mainapp - INFO - 131: TIMER LIGHT ON
2021-03-11 18:56:37,925 - mainapp - INFO - 279: self.testvariabele_1 = 1
2021-03-11 18:56:37,925 - mainapp - INFO - 281: OUTPUT LIGHT ON
2021-03-11 18:56:37,951 - mainapp - DEBUG - 118: Het is 18 uur en 56 minuten
2021-03-11 18:56:37,959 - mainapp - DEBUG - 119: Lamp gaat aan om 08:00:00
2021-03-11 18:56:37,959 - mainapp - DEBUG - 120: Lamp gaat uit om 20:08:00
2021-03-11 18:56:37,962 - mainapp - DEBUG - 121: Licht is aan gedurende 12:08:00
2021-03-11 18:56:37,966 - mainapp - DEBUG - 122: Pomp werkt gedurende 00:05:00 en gaat 4 keer aan om de 3:02:00
2021-03-11 18:56:37,973 - mainapp - DEBUG - 124: Airstone gaat 00:04:00 voor de pomp aan
2021-03-11 18:56:37,977 - mainapp - DEBUG - 129: Light.lightvariabele_1 = 1
2021-03-11 18:56:37,978 - mainapp - INFO - 131: TIMER LIGHT ON
2021-03-11 18:56:47,926 - mainapp - INFO - 279: self.testvariabele_1 = 1
2021-03-11 18:56:47,926 - mainapp - INFO - 281: OUTPUT LIGHT ON
2021-03-11 18:56:47,980 - mainapp - DEBUG - 118: Het is 18 uur en 56 minuten
2021-03-11 18:56:47,981 - mainapp - DEBUG - 119: Lamp gaat aan om 08:00:00
2021-03-11 18:56:47,981 - mainapp - DEBUG - 120: Lamp gaat uit om 20:08:00
2021-03-11 18:56:47,981 - mainapp - DEBUG - 121: Licht is aan gedurende 12:08:00
2021-03-11 18:56:47,981 - mainapp - DEBUG - 122: Pomp werkt gedurende 00:05:00 en gaat 4 keer aan om de 3:02:00
2021-03-11 18:56:47,982 - mainapp - DEBUG - 124: Airstone gaat 00:04:00 voor de pomp aan
2021-03-11 18:56:47,982 - mainapp - DEBUG - 129: Light.lightvariabele_1 = 1
2021-03-11 18:56:47,982 - mainapp - INFO - 131: TIMER LIGHT ON
2021-03-11 18:56:58,024 - mainapp - INFO - 279: self.testvariabele_1 = 1
2021-03-11 18:56:58,025 - mainapp - INFO - 281: OUTPUT LIGHT ON
2021-03-11 18:56:58,029 - mainapp - DEBUG - 118: Het is 18 uur en 56 minuten
2021-03-11 18:56:58,029 - mainapp - DEBUG - 119: Lamp gaat aan om 08:00:00
2021-03-11 18:56:58,030 - mainapp - DEBUG - 120: Lamp gaat uit om 20:08:00
2021-03-11 18:56:58,033 - mainapp - DEBUG - 121: Licht is aan gedurende 12:08:00
2021-03-11 18:56:58,034 - mainapp - DEBUG - 122: Pomp werkt gedurende 00:05:00 en gaat 4 keer aan om de 3:02:00
2021-03-11 18:56:58,034 - mainapp - DEBUG - 124: Airstone gaat 00:04:00 voor de pomp aan
2021-03-11 18:56:58,035 - mainapp - DEBUG - 129: Light.lightvariabele_1 = 1
2021-03-11 18:56:58,035 - mainapp - INFO - 131: TIMER LIGHT ON
2021-03-11 18:57:18,025 - mainapp - INFO - 279: self.testvariabele_1 = 1
2021-03-11 18:57:18,039 - mainapp - DEBUG - 118: Het is 18 uur en 57 minuten
2021-03-11 18:57:18,042 - mainapp - INFO - 281: OUTPUT LIGHT ON
2021-03-11 18:57:18,043 - mainapp - DEBUG - 119: Lamp gaat aan om 08:00:00
2021-03-11 18:57:18,044 - mainapp - DEBUG - 120: Lamp gaat uit om 20:08:00
2021-03-11 18:57:18,044 - mainapp - DEBUG - 121: Licht is aan gedurende 12:08:00
2021-03-11 18:57:18,044 - mainapp - DEBUG - 122: Pomp werkt gedurende 00:05:00 en gaat 4 keer aan om de 3:02:00
2021-03-11 18:57:18,045 - mainapp - DEBUG - 124: Airstone gaat 00:04:00 voor de pomp aan
2021-03-11 18:57:18,045 - mainapp - DEBUG - 129: Light.lightvariabele_1 = 1
2021-03-11 18:57:18,046 - mainapp - INFO - 131: TIMER LIGHT ON
2021-03-11 18:57:28,048 - mainapp - INFO - 279: self.testvariabele_1 = 1
2021-03-11 18:57:28,048 - mainapp - INFO - 281: OUTPUT LIGHT ON
2021-03-11 18:57:28,093 - mainapp - DEBUG - 118: Het is 18 uur en 57 minuten
2021-03-11 18:57:28,095 - mainapp - DEBUG - 119: Lamp gaat aan om 08:00:00
2021-03-11 18:57:28,095 - mainapp - DEBUG - 120: Lamp gaat uit om 20:08:00
2021-03-11 18:57:28,096 - mainapp - DEBUG - 121: Licht is aan gedurende 12:08:00
2021-03-11 18:57:28,105 - mainapp - DEBUG - 122: Pomp werkt gedurende 00:05:00 en gaat 4 keer aan om de 3:02:00
2021-03-11 18:57:28,106 - mainapp - DEBUG - 124: Airstone gaat 00:04:00 voor de pomp aan
2021-03-11 18:57:28,106 - mainapp - DEBUG - 129: Light.lightvariabele_1 = 1
2021-03-11 18:57:28,107 - mainapp - INFO - 131: TIMER LIGHT ON
2021-03-11 18:57:38,133 - mainapp - INFO - 279: self.testvariabele_1 = 1
2021-03-11 18:57:38,162 - mainapp - DEBUG - 118: Het is 18 uur en 57 minuten
2021-03-11 18:57:38,375 - mainapp - DEBUG - 119: Lamp gaat aan om 08:00:00
2021-03-11 18:57:38,374 - mainapp - INFO - 281: OUTPUT LIGHT ON
2021-03-11 18:57:38,376 - mainapp - DEBUG - 120: Lamp gaat uit om 20:08:00
2021-03-11 18:57:38,377 - mainapp - DEBUG - 121: Licht is aan gedurende 12:08:00
2021-03-11 18:57:38,378 - mainapp - DEBUG - 122: Pomp werkt gedurende 00:05:00 en gaat 4 keer aan om de 3:02:00
2021-03-11 18:57:38,378 - mainapp - DEBUG - 124: Airstone gaat 00:04:00 voor de pomp aan
2021-03-11 18:57:38,380 - mainapp - DEBUG - 129: Light.lightvariabele_1 = 1
2021-03-11 18:57:38,381 - mainapp - INFO - 131: TIMER LIGHT ON
2021-03-11 18:57:48,377 - mainapp - INFO - 279: self.testvariabele_1 = 1
2021-03-11 18:57:48,377 - mainapp - INFO - 281: OUTPUT LIGHT ON
2021-03-11 18:57:48,383 - mainapp - DEBUG - 118: Het is 18 uur en 57 minuten
2021-03-11 18:57:48,384 - mainapp - DEBUG - 119: Lamp gaat aan om 08:00:00
2021-03-11 18:57:48,384 - mainapp - DEBUG - 120: Lamp gaat uit om 20:08:00
2021-03-11 18:57:48,384 - mainapp - DEBUG - 121: Licht is aan gedurende 12:08:00
2021-03-11 18:57:48,385 - mainapp - DEBUG - 122: Pomp werkt gedurende 00:05:00 en gaat 4 keer aan om de 3:02:00
2021-03-11 18:57:48,385 - mainapp - DEBUG - 124: Airstone gaat 00:04:00 voor de pomp aan
2021-03-11 18:57:48,385 - mainapp - DEBUG - 129: Light.lightvariabele_1 = 1
2021-03-11 18:57:48,385 - mainapp - INFO - 131: TIMER LIGHT ON
2021-03-11 18:57:58,377 - mainapp - INFO - 279: self.testvariabele_1 = 1
2021-03-11 18:57:58,378 - mainapp - INFO - 281: OUTPUT LIGHT ON
2021-03-11 18:57:58,387 - mainapp - DEBUG - 118: Het is 18 uur en 57 minuten
2021-03-11 18:57:58,387 - mainapp - DEBUG - 119: Lamp gaat aan om 08:00:00
2021-03-11 18:57:58,387 - mainapp - DEBUG - 120: Lamp gaat uit om 20:08:00
2021-03-11 18:57:58,387 - mainapp - DEBUG - 121: Licht is aan gedurende 12:08:00
2021-03-11 18:57:58,388 - mainapp - DEBUG - 122: Pomp werkt gedurende 00:05:00 en gaat 4 keer aan om de 3:02:00
2021-03-11 18:57:58,388 - mainapp - DEBUG - 124: Airstone gaat 00:04:00 voor de pomp aan
2021-03-11 18:57:58,388 - mainapp - DEBUG - 129: Light.lightvariabele_1 = 1
2021-03-11 18:57:58,389 - mainapp - INFO - 131: TIMER LIGHT ON
2021-03-11 18:58:18,819 - mainapp - INFO - 279: self.testvariabele_1 = 1
2021-03-11 18:58:18,819 - mainapp - INFO - 281: OUTPUT LIGHT ON
2021-03-11 18:58:18,859 - mainapp - DEBUG - 118: Het is 18 uur en 58 minuten
2021-03-11 18:58:18,860 - mainapp - DEBUG - 119: Lamp gaat aan om 08:00:00
2021-03-11 18:58:18,860 - mainapp - DEBUG - 120: Lamp gaat uit om 20:08:00
2021-03-11 18:58:18,861 - mainapp - DEBUG - 121: Licht is aan gedurende 12:08:00
2021-03-11 18:58:18,861 - mainapp - DEBUG - 122: Pomp werkt gedurende 00:05:00 en gaat 4 keer aan om de 3:02:00
2021-03-11 18:58:18,862 - mainapp - DEBUG - 124: Airstone gaat 00:04:00 voor de pomp aan
2021-03-11 18:58:18,862 - mainapp - DEBUG - 129: Light.lightvariabele_1 = 1
2021-03-11 18:58:18,864 - mainapp - INFO - 131: TIMER LIGHT ON
2021-03-11 18:58:28,819 - mainapp - INFO - 279: self.testvariabele_1 = 1
2021-03-11 18:58:28,820 - mainapp - INFO - 281: OUTPUT LIGHT ON
2021-03-11 18:58:28,866 - mainapp - DEBUG - 118: Het is 18 uur en 58 minuten
2021-03-11 18:58:28,867 - mainapp - DEBUG - 119: Lamp gaat aan om 08:00:00
2021-03-11 18:58:28,868 - mainapp - DEBUG - 120: Lamp gaat uit om 20:08:00
2021-03-11 18:58:28,869 - mainapp - DEBUG - 121: Licht is aan gedurende 12:08:00
2021-03-11 18:58:28,870 - mainapp - DEBUG - 122: Pomp werkt gedurende 00:05:00 en gaat 4 keer aan om de 3:02:00
2021-03-11 18:58:28,870 - mainapp - DEBUG - 124: Airstone gaat 00:04:00 voor de pomp aan
2021-03-11 18:58:28,871 - mainapp - DEBUG - 129: Light.lightvariabele_1 = 1
2021-03-11 18:58:28,872 - mainapp - INFO - 131: TIMER LIGHT ON
2021-03-11 18:58:38,820 - mainapp - INFO - 279: self.testvariabele_1 = 1
2021-03-11 18:58:38,821 - mainapp - INFO - 281: OUTPUT LIGHT ON
2021-03-11 18:58:38,873 - mainapp - DEBUG - 118: Het is 18 uur en 58 minuten
2021-03-11 18:58:38,874 - mainapp - DEBUG - 119: Lamp gaat aan om 08:00:00
2021-03-11 18:58:38,874 - mainapp - DEBUG - 120: Lamp gaat uit om 20:08:00
2021-03-11 18:58:38,875 - mainapp - DEBUG - 121: Licht is aan gedurende 12:08:00
2021-03-11 18:58:38,875 - mainapp - DEBUG - 122: Pomp werkt gedurende 00:05:00 en gaat 4 keer aan om de 3:02:00
2021-03-11 18:58:38,876 - mainapp - DEBUG - 124: Airstone gaat 00:04:00 voor de pomp aan
2021-03-11 18:58:38,876 - mainapp - DEBUG - 129: Light.lightvariabele_1 = 1
2021-03-11 18:58:38,877 - mainapp - INFO - 131: TIMER LIGHT ON
2021-03-11 18:58:48,821 - mainapp - INFO - 279: self.testvariabele_1 = 1
2021-03-11 18:58:48,821 - mainapp - INFO - 281: OUTPUT LIGHT ON
2021-03-11 18:58:48,879 - mainapp - DEBUG - 118: Het is 18 uur en 58 minuten
2021-03-11 18:58:48,879 - mainapp - DEBUG - 119: Lamp gaat aan om 08:00:00
2021-03-11 18:58:48,880 - mainapp - DEBUG - 120: Lamp gaat uit om 20:08:00
2021-03-11 18:58:48,881 - mainapp - DEBUG - 121: Licht is aan gedurende 12:08:00
2021-03-11 18:58:48,881 - mainapp - DEBUG - 122: Pomp werkt gedurende 00:05:00 en gaat 4 keer aan om de 3:02:00
2021-03-11 18:58:48,881 - mainapp - DEBUG - 124: Airstone gaat 00:04:00 voor de pomp aan
2021-03-11 18:58:48,882 - mainapp - DEBUG - 129: Light.lightvariabele_1 = 1
2021-03-11 18:58:48,882 - mainapp - INFO - 131: TIMER LIGHT ON
2021-03-11 18:58:59,651 - mainapp - INFO - 279: self.testvariabele_1 = 1
2021-03-11 18:58:59,654 - mainapp - INFO - 281: OUTPUT LIGHT ON
2021-03-11 18:58:59,655 - mainapp - DEBUG - 118: Het is 18 uur en 58 minuten
2021-03-11 18:58:59,656 - mainapp - DEBUG - 119: Lamp gaat aan om 08:00:00
2021-03-11 18:58:59,656 - mainapp - DEBUG - 120: Lamp gaat uit om 20:08:00
2021-03-11 18:58:59,657 - mainapp - DEBUG - 121: Licht is aan gedurende 12:08:00
2021-03-11 18:58:59,657 - mainapp - DEBUG - 122: Pomp werkt gedurende 00:05:00 en gaat 4 keer aan om de 3:02:00
2021-03-11 18:58:59,657 - mainapp - DEBUG - 124: Airstone gaat 00:04:00 voor de pomp aan
2021-03-11 18:58:59,658 - mainapp - DEBUG - 129: Light.lightvariabele_1 = 1
2021-03-11 18:58:59,662 - mainapp - INFO - 131: TIMER LIGHT ON
2021-03-11 18:59:09,654 - mainapp - INFO - 279: self.testvariabele_1 = 1
2021-03-11 18:59:09,655 - mainapp - INFO - 281: OUTPUT LIGHT ON
2021-03-11 18:59:09,665 - mainapp - DEBUG - 118: Het is 18 uur en 59 minuten
2021-03-11 18:59:09,666 - mainapp - DEBUG - 119: Lamp gaat aan om 08:00:00
2021-03-11 18:59:09,666 - mainapp - DEBUG - 120: Lamp gaat uit om 20:08:00
2021-03-11 18:59:09,667 - mainapp - DEBUG - 121: Licht is aan gedurende 12:08:00
2021-03-11 18:59:09,667 - mainapp - DEBUG - 122: Pomp werkt gedurende 00:05:00 en gaat 4 keer aan om de 3:02:00
2021-03-11 18:59:09,667 - mainapp - DEBUG - 124: Airstone gaat 00:04:00 voor de pomp aan
2021-03-11 18:59:09,668 - mainapp - DEBUG - 129: Light.lightvariabele_1 = 1
2021-03-11 18:59:09,668 - mainapp - INFO - 131: TIMER LIGHT ON
2021-03-11 18:59:19,655 - mainapp - INFO - 279: self.testvariabele_1 = 1
2021-03-11 18:59:19,655 - mainapp - INFO - 281: OUTPUT LIGHT ON
2021-03-11 18:59:19,669 - mainapp - DEBUG - 118: Het is 18 uur en 59 minuten
2021-03-11 18:59:19,670 - mainapp - DEBUG - 119: Lamp gaat aan om 08:00:00
2021-03-11 18:59:19,670 - mainapp - DEBUG - 120: Lamp gaat uit om 20:08:00
2021-03-11 18:59:19,670 - mainapp - DEBUG - 121: Licht is aan gedurende 12:08:00
2021-03-11 18:59:19,671 - mainapp - DEBUG - 122: Pomp werkt gedurende 00:05:00 en gaat 4 keer aan om de 3:02:00
2021-03-11 18:59:19,671 - mainapp - DEBUG - 124: Airstone gaat 00:04:00 voor de pomp aan
2021-03-11 18:59:19,672 - mainapp - DEBUG - 129: Light.lightvariabele_1 = 1
2021-03-11 18:59:19,672 - mainapp - INFO - 131: TIMER LIGHT ON
2021-03-11 18:59:29,655 - mainapp - INFO - 279: self.testvariabele_1 = 1
2021-03-11 18:59:29,656 - mainapp - INFO - 281: OUTPUT LIGHT ON
2021-03-11 18:59:29,673 - mainapp - DEBUG - 118: Het is 18 uur en 59 minuten
2021-03-11 18:59:29,674 - mainapp - DEBUG - 119: Lamp gaat aan om 08:00:00
2021-03-11 18:59:29,675 - mainapp - DEBUG - 120: Lamp gaat uit om 20:08:00
2021-03-11 18:59:29,676 - mainapp - DEBUG - 121: Licht is aan gedurende 12:08:00
2021-03-11 18:59:29,676 - mainapp - DEBUG - 122: Pomp werkt gedurende 00:05:00 en gaat 4 keer aan om de 3:02:00
2021-03-11 18:59:29,677 - mainapp - DEBUG - 124: Airstone gaat 00:04:00 voor de pomp aan
2021-03-11 18:59:29,677 - mainapp - DEBUG - 129: Light.lightvariabele_1 = 1
2021-03-11 18:59:29,677 - mainapp - INFO - 131: TIMER LIGHT ON
2021-03-11 18:59:44,633 - mainapp - INFO - 279: self.testvariabele_1 = 1
2021-03-11 18:59:44,634 - mainapp - INFO - 281: OUTPUT LIGHT ON
2021-03-11 18:59:44,639 - mainapp - DEBUG - 118: Het is 18 uur en 59 minuten
2021-03-11 18:59:44,640 - mainapp - DEBUG - 119: Lamp gaat aan om 08:00:00
2021-03-11 18:59:44,642 - mainapp - DEBUG - 120: Lamp gaat uit om 20:08:00
2021-03-11 18:59:44,642 - mainapp - DEBUG - 121: Licht is aan gedurende 12:08:00
2021-03-11 18:59:44,643 - mainapp - DEBUG - 122: Pomp werkt gedurende 00:05:00 en gaat 4 keer aan om de 3:02:00
2021-03-11 18:59:44,643 - mainapp - DEBUG - 124: Airstone gaat 00:04:00 voor de pomp aan
2021-03-11 18:59:44,644 - mainapp - DEBUG - 129: Light.lightvariabele_1 = 1
2021-03-11 18:59:44,645 - mainapp - INFO - 131: TIMER LIGHT ON
2021-03-11 18:59:54,635 - mainapp - INFO - 279: self.testvariabele_1 = 1
2021-03-11 18:59:54,637 - mainapp - INFO - 281: OUTPUT LIGHT ON
2021-03-11 18:59:54,647 - mainapp - DEBUG - 118: Het is 18 uur en 59 minuten
2021-03-11 18:59:54,647 - mainapp - DEBUG - 119: Lamp gaat aan om 08:00:00
2021-03-11 18:59:54,648 - mainapp - DEBUG - 120: Lamp gaat uit om 20:08:00
2021-03-11 18:59:54,648 - mainapp - DEBUG - 121: Licht is aan gedurende 12:08:00
2021-03-11 18:59:54,648 - mainapp - DEBUG - 122: Pomp werkt gedurende 00:05:00 en gaat 4 keer aan om de 3:02:00
2021-03-11 18:59:54,649 - mainapp - DEBUG - 124: Airstone gaat 00:04:00 voor de pomp aan
2021-03-11 18:59:54,649 - mainapp - DEBUG - 129: Light.lightvariabele_1 = 1
2021-03-11 18:59:54,649 - mainapp - INFO - 131: TIMER LIGHT ON
2021-03-11 19:00:04,637 - mainapp - INFO - 279: self.testvariabele_1 = 1
2021-03-11 19:00:04,638 - mainapp - INFO - 281: OUTPUT LIGHT ON
2021-03-11 19:00:04,651 - mainapp - DEBUG - 118: Het is 19 uur en 0 minuten
2021-03-11 19:00:04,651 - mainapp - DEBUG - 119: Lamp gaat aan om 08:00:00
2021-03-11 19:00:04,652 - mainapp - DEBUG - 120: Lamp gaat uit om 20:08:00
2021-03-11 19:00:04,652 - mainapp - DEBUG - 121: Licht is aan gedurende 12:08:00
2021-03-11 19:00:04,653 - mainapp - DEBUG - 122: Pomp werkt gedurende 00:05:00 en gaat 4 keer aan om de 3:02:00
2021-03-11 19:00:04,653 - mainapp - DEBUG - 124: Airstone gaat 00:04:00 voor de pomp aan
2021-03-11 19:00:04,653 - mainapp - DEBUG - 129: Light.lightvariabele_1 = 1
2021-03-11 19:00:04,653 - mainapp - INFO - 131: TIMER LIGHT ON
2021-03-11 19:00:14,638 - mainapp - INFO - 279: self.testvariabele_1 = 1
2021-03-11 19:00:14,639 - mainapp - INFO - 281: OUTPUT LIGHT ON
2021-03-11 19:00:14,655 - mainapp - DEBUG - 118: Het is 19 uur en 0 minuten
2021-03-11 19:00:14,655 - mainapp - DEBUG - 119: Lamp gaat aan om 08:00:00
2021-03-11 19:00:14,655 - mainapp - DEBUG - 120: Lamp gaat uit om 20:08:00
2021-03-11 19:00:14,656 - mainapp - DEBUG - 121: Licht is aan gedurende 12:08:00
2021-03-11 19:00:14,656 - mainapp - DEBUG - 122: Pomp werkt gedurende 00:05:00 en gaat 4 keer aan om de 3:02:00
2021-03-11 19:00:14,656 - mainapp - DEBUG - 124: Airstone gaat 00:04:00 voor de pomp aan
2021-03-11 19:00:14,657 - mainapp - DEBUG - 129: Light.lightvariabele_1 = 1
2021-03-11 19:00:14,657 - mainapp - INFO - 131: TIMER LIGHT ON
2021-03-11 19:00:24,639 - mainapp - INFO - 279: self.testvariabele_1 = 1
2021-03-11 19:00:24,639 - mainapp - INFO - 281: OUTPUT LIGHT ON
2021-03-11 19:00:24,659 - mainapp - DEBUG - 118: Het is 19 uur en 0 minuten
2021-03-11 19:00:24,659 - mainapp - DEBUG - 119: Lamp gaat aan om 08:00:00
2021-03-11 19:00:24,659 - mainapp - DEBUG - 120: Lamp gaat uit om 20:08:00
2021-03-11 19:00:24,659 - mainapp - DEBUG - 121: Licht is aan gedurende 12:08:00
2021-03-11 19:00:24,660 - mainapp - DEBUG - 122: Pomp werkt gedurende 00:05:00 en gaat 4 keer aan om de 3:02:00
2021-03-11 19:00:24,660 - mainapp - DEBUG - 124: Airstone gaat 00:04:00 voor de pomp aan
2021-03-11 19:00:24,660 - mainapp - DEBUG - 129: Light.lightvariabele_1 = 1
2021-03-11 19:00:24,660 - mainapp - INFO - 131: TIMER LIGHT ON
2021-03-11 19:00:34,639 - mainapp - INFO - 279: self.testvariabele_1 = 1
2021-03-11 19:00:34,643 - mainapp - INFO - 281: OUTPUT LIGHT ON
2021-03-11 19:00:34,661 - mainapp - DEBUG - 118: Het is 19 uur en 0 minuten
2021-03-11 19:00:34,662 - mainapp - DEBUG - 119: Lamp gaat aan om 08:00:00
2021-03-11 19:00:34,662 - mainapp - DEBUG - 120: Lamp gaat uit om 20:08:00
2021-03-11 19:00:34,662 - mainapp - DEBUG - 121: Licht is aan gedurende 12:08:00
2021-03-11 19:00:34,662 - mainapp - DEBUG - 122: Pomp werkt gedurende 00:05:00 en gaat 4 keer aan om de 3:02:00
2021-03-11 19:00:34,663 - mainapp - DEBUG - 124: Airstone gaat 00:04:00 voor de pomp aan
2021-03-11 19:00:34,663 - mainapp - DEBUG - 129: Light.lightvariabele_1 = 1
2021-03-11 19:00:34,663 - mainapp - INFO - 131: TIMER LIGHT ON
2021-03-11 19:00:54,644 - mainapp - INFO - 279: self.testvariabele_1 = 1
2021-03-11 19:00:54,646 - mainapp - INFO - 281: OUTPUT LIGHT ON
2021-03-11 19:00:54,664 - mainapp - DEBUG - 118: Het is 19 uur en 0 minuten
2021-03-11 19:00:54,664 - mainapp - DEBUG - 119: Lamp gaat aan om 08:00:00
2021-03-11 19:00:54,664 - mainapp - DEBUG - 120: Lamp gaat uit om 20:08:00
2021-03-11 19:00:54,665 - mainapp - DEBUG - 121: Licht is aan gedurende 12:08:00
2021-03-11 19:00:54,666 - mainapp - DEBUG - 122: Pomp werkt gedurende 00:05:00 en gaat 4 keer aan om de 3:02:00
2021-03-11 19:00:54,666 - mainapp - DEBUG - 124: Airstone gaat 00:04:00 voor de pomp aan
2021-03-11 19:00:54,667 - mainapp - DEBUG - 129: Light.lightvariabele_1 = 1
2021-03-11 19:00:54,667 - mainapp - INFO - 131: TIMER LIGHT ON
2021-03-11 19:01:08,929 - mainapp - INFO - 279: self.testvariabele_1 = 1
2021-03-11 19:01:08,930 - mainapp - INFO - 281: OUTPUT LIGHT ON
2021-03-11 19:01:08,932 - mainapp - DEBUG - 118: Het is 19 uur en 1 minuten
2021-03-11 19:01:08,932 - mainapp - DEBUG - 119: Lamp gaat aan om 08:00:00
2021-03-11 19:01:08,933 - mainapp - DEBUG - 120: Lamp gaat uit om 20:08:00
2021-03-11 19:01:08,933 - mainapp - DEBUG - 121: Licht is aan gedurende 12:08:00
2021-03-11 19:01:08,934 - mainapp - DEBUG - 122: Pomp werkt gedurende 00:05:00 en gaat 4 keer aan om de 3:02:00
2021-03-11 19:01:08,934 - mainapp - DEBUG - 124: Airstone gaat 00:04:00 voor de pomp aan
2021-03-11 19:01:08,934 - mainapp - DEBUG - 129: Light.lightvariabele_1 = 1
2021-03-11 19:01:08,936 - mainapp - INFO - 131: TIMER LIGHT ON
2021-03-11 19:01:18,930 - mainapp - INFO - 279: self.testvariabele_1 = 1
2021-03-11 19:01:18,931 - mainapp - INFO - 281: OUTPUT LIGHT ON
2021-03-11 19:01:18,938 - mainapp - DEBUG - 118: Het is 19 uur en 1 minuten
2021-03-11 19:01:18,938 - mainapp - DEBUG - 119: Lamp gaat aan om 08:00:00
2021-03-11 19:01:18,939 - mainapp - DEBUG - 120: Lamp gaat uit om 20:08:00
2021-03-11 19:01:18,940 - mainapp - DEBUG - 121: Licht is aan gedurende 12:08:00
2021-03-11 19:01:18,940 - mainapp - DEBUG - 122: Pomp werkt gedurende 00:05:00 en gaat 4 keer aan om de 3:02:00
2021-03-11 19:01:18,940 - mainapp - DEBUG - 124: Airstone gaat 00:04:00 voor de pomp aan
2021-03-11 19:01:18,941 - mainapp - DEBUG - 129: Light.lightvariabele_1 = 1
2021-03-11 19:01:18,941 - mainapp - INFO - 131: TIMER LIGHT ON
2021-03-11 19:01:38,931 - mainapp - INFO - 279: self.testvariabele_1 = 1
2021-03-11 19:01:38,932 - mainapp - INFO - 281: OUTPUT LIGHT ON
2021-03-11 19:01:38,943 - mainapp - DEBUG - 118: Het is 19 uur en 1 minuten
2021-03-11 19:01:38,943 - mainapp - DEBUG - 119: Lamp gaat aan om 08:00:00
2021-03-11 19:01:38,943 - mainapp - DEBUG - 120: Lamp gaat uit om 20:08:00
2021-03-11 19:01:38,944 - mainapp - DEBUG - 121: Licht is aan gedurende 12:08:00
2021-03-11 19:01:38,944 - mainapp - DEBUG - 122: Pomp werkt gedurende 00:05:00 en gaat 4 keer aan om de 3:02:00
2021-03-11 19:01:38,944 - mainapp - DEBUG - 124: Airstone gaat 00:04:00 voor de pomp aan
2021-03-11 19:01:38,944 - mainapp - DEBUG - 129: Light.lightvariabele_1 = 1
2021-03-11 19:01:38,945 - mainapp - INFO - 131: TIMER LIGHT ON
2021-03-11 19:01:58,932 - mainapp - INFO - 279: self.testvariabele_1 = 1
2021-03-11 19:01:58,932 - mainapp - INFO - 281: OUTPUT LIGHT ON
2021-03-11 19:01:58,945 - mainapp - DEBUG - 118: Het is 19 uur en 1 minuten
2021-03-11 19:01:58,946 - mainapp - DEBUG - 119: Lamp gaat aan om 08:00:00
2021-03-11 19:01:58,946 - mainapp - DEBUG - 120: Lamp gaat uit om 20:08:00
2021-03-11 19:01:58,946 - mainapp - DEBUG - 121: Licht is aan gedurende 12:08:00
2021-03-11 19:01:58,947 - mainapp - DEBUG - 122: Pomp werkt gedurende 00:05:00 en gaat 4 keer aan om de 3:02:00
2021-03-11 19:01:58,947 - mainapp - DEBUG - 124: Airstone gaat 00:04:00 voor de pomp aan
2021-03-11 19:01:58,947 - mainapp - DEBUG - 129: Light.lightvariabele_1 = 1
2021-03-11 19:01:58,948 - mainapp - INFO - 131: TIMER LIGHT ON
2021-03-11 19:02:18,932 - mainapp - INFO - 279: self.testvariabele_1 = 1
2021-03-11 19:02:18,933 - mainapp - INFO - 281: OUTPUT LIGHT ON
2021-03-11 19:02:18,949 - mainapp - DEBUG - 118: Het is 19 uur en 2 minuten
2021-03-11 19:02:18,949 - mainapp - DEBUG - 119: Lamp gaat aan om 08:00:00
2021-03-11 19:02:18,949 - mainapp - DEBUG - 120: Lamp gaat uit om 20:08:00
2021-03-11 19:02:18,950 - mainapp - DEBUG - 121: Licht is aan gedurende 12:08:00
2021-03-11 19:02:18,950 - mainapp - DEBUG - 122: Pomp werkt gedurende 00:05:00 en gaat 4 keer aan om de 3:02:00
2021-03-11 19:02:18,950 - mainapp - DEBUG - 124: Airstone gaat 00:04:00 voor de pomp aan
2021-03-11 19:02:18,950 - mainapp - DEBUG - 129: Light.lightvariabele_1 = 1
2021-03-11 19:02:18,951 - mainapp - INFO - 131: TIMER LIGHT ON
2021-03-11 19:02:28,933 - mainapp - INFO - 279: self.testvariabele_1 = 1
2021-03-11 19:02:28,933 - mainapp - INFO - 281: OUTPUT LIGHT ON
2021-03-11 19:02:28,952 - mainapp - DEBUG - 118: Het is 19 uur en 2 minuten
2021-03-11 19:02:28,952 - mainapp - DEBUG - 119: Lamp gaat aan om 08:00:00
2021-03-11 19:02:28,952 - mainapp - DEBUG - 120: Lamp gaat uit om 20:08:00
2021-03-11 19:02:28,953 - mainapp - DEBUG - 121: Licht is aan gedurende 12:08:00
2021-03-11 19:02:28,954 - mainapp - DEBUG - 122: Pomp werkt gedurende 00:05:00 en gaat 4 keer aan om de 3:02:00
2021-03-11 19:02:28,954 - mainapp - DEBUG - 124: Airstone gaat 00:04:00 voor de pomp aan
2021-03-11 19:02:28,954 - mainapp - DEBUG - 129: Light.lightvariabele_1 = 1
2021-03-11 19:02:28,955 - mainapp - INFO - 131: TIMER LIGHT ON
2021-03-11 19:02:39,800 - mainapp - INFO - 279: self.testvariabele_1 = 1
2021-03-11 19:02:39,805 - mainapp - INFO - 281: OUTPUT LIGHT ON
2021-03-11 19:02:39,808 - mainapp - DEBUG - 118: Het is 19 uur en 2 minuten
2021-03-11 19:02:39,808 - mainapp - DEBUG - 119: Lamp gaat aan om 08:00:00
2021-03-11 19:02:39,809 - mainapp - DEBUG - 120: Lamp gaat uit om 20:08:00
2021-03-11 19:02:39,819 - mainapp - DEBUG - 121: Licht is aan gedurende 12:08:00
2021-03-11 19:02:39,820 - mainapp - DEBUG - 122: Pomp werkt gedurende 00:05:00 en gaat 4 keer aan om de 3:02:00
2021-03-11 19:02:39,821 - mainapp - DEBUG - 124: Airstone gaat 00:04:00 voor de pomp aan
2021-03-11 19:02:39,823 - mainapp - DEBUG - 129: Light.lightvariabele_1 = 1
2021-03-11 19:02:39,824 - mainapp - INFO - 131: TIMER LIGHT ON
2021-03-11 19:02:50,860 - mainapp - INFO - 279: self.testvariabele_1 = 1
2021-03-11 19:02:50,861 - mainapp - INFO - 281: OUTPUT LIGHT ON
2021-03-11 19:02:50,863 - mainapp - DEBUG - 118: Het is 19 uur en 2 minuten
2021-03-11 19:02:50,864 - mainapp - DEBUG - 119: Lamp gaat aan om 08:00:00
2021-03-11 19:02:50,864 - mainapp - DEBUG - 120: Lamp gaat uit om 20:08:00
2021-03-11 19:02:50,865 - mainapp - DEBUG - 121: Licht is aan gedurende 12:08:00
2021-03-11 19:02:50,865 - mainapp - DEBUG - 122: Pomp werkt gedurende 00:05:00 en gaat 4 keer aan om de 3:02:00
2021-03-11 19:02:50,866 - mainapp - DEBUG - 124: Airstone gaat 00:04:00 voor de pomp aan
2021-03-11 19:02:50,870 - mainapp - DEBUG - 129: Light.lightvariabele_1 = 1
2021-03-11 19:02:50,871 - mainapp - INFO - 131: TIMER LIGHT ON
2021-03-11 19:03:00,862 - mainapp - INFO - 279: self.testvariabele_1 = 1
2021-03-11 19:03:00,862 - mainapp - INFO - 281: OUTPUT LIGHT ON
2021-03-11 19:03:00,878 - mainapp - DEBUG - 118: Het is 19 uur en 3 minuten
2021-03-11 19:03:00,879 - mainapp - DEBUG - 119: Lamp gaat aan om 08:00:00
2021-03-11 19:03:00,879 - mainapp - DEBUG - 120: Lamp gaat uit om 20:08:00
2021-03-11 19:03:00,880 - mainapp - DEBUG - 121: Licht is aan gedurende 12:08:00
2021-03-11 19:03:00,880 - mainapp - DEBUG - 122: Pomp werkt gedurende 00:05:00 en gaat 4 keer aan om de 3:02:00
2021-03-11 19:03:00,880 - mainapp - DEBUG - 124: Airstone gaat 00:04:00 voor de pomp aan
2021-03-11 19:03:00,881 - mainapp - DEBUG - 129: Light.lightvariabele_1 = 1
2021-03-11 19:03:00,881 - mainapp - INFO - 131: TIMER LIGHT ON
2021-03-11 19:03:10,862 - mainapp - INFO - 279: self.testvariabele_1 = 1
2021-03-11 19:03:10,863 - mainapp - INFO - 281: OUTPUT LIGHT ON
2021-03-11 19:03:10,884 - mainapp - DEBUG - 118: Het is 19 uur en 3 minuten
2021-03-11 19:03:10,885 - mainapp - DEBUG - 119: Lamp gaat aan om 08:00:00
2021-03-11 19:03:10,885 - mainapp - DEBUG - 120: Lamp gaat uit om 20:08:00
2021-03-11 19:03:10,886 - mainapp - DEBUG - 121: Licht is aan gedurende 12:08:00
2021-03-11 19:03:10,886 - mainapp - DEBUG - 122: Pomp werkt gedurende 00:05:00 en gaat 4 keer aan om de 3:02:00
2021-03-11 19:03:10,886 - mainapp - DEBUG - 124: Airstone gaat 00:04:00 voor de pomp aan
2021-03-11 19:03:10,886 - mainapp - DEBUG - 129: Light.lightvariabele_1 = 1
2021-03-11 19:03:10,887 - mainapp - INFO - 131: TIMER LIGHT ON
2021-03-11 19:03:29,523 - mainapp - INFO - 279: self.testvariabele_1 = 1
2021-03-11 19:03:29,524 - mainapp - INFO - 281: OUTPUT LIGHT ON
2021-03-11 19:03:29,527 - mainapp - DEBUG - 118: Het is 19 uur en 3 minuten
2021-03-11 19:03:29,527 - mainapp - DEBUG - 119: Lamp gaat aan om 08:00:00
2021-03-11 19:03:29,528 - mainapp - DEBUG - 120: Lamp gaat uit om 20:08:00
2021-03-11 19:03:29,528 - mainapp - DEBUG - 121: Licht is aan gedurende 12:08:00
2021-03-11 19:03:29,534 - mainapp - DEBUG - 122: Pomp werkt gedurende 00:05:00 en gaat 4 keer aan om de 3:02:00
2021-03-11 19:03:29,534 - mainapp - DEBUG - 124: Airstone gaat 00:04:00 voor de pomp aan
2021-03-11 19:03:29,535 - mainapp - DEBUG - 129: Light.lightvariabele_1 = 1
2021-03-11 19:03:29,535 - mainapp - INFO - 131: TIMER LIGHT ON
2021-03-11 19:03:49,526 - mainapp - INFO - 279: self.testvariabele_1 = 1
2021-03-11 19:03:49,527 - mainapp - INFO - 281: OUTPUT LIGHT ON
2021-03-11 19:03:49,536 - mainapp - DEBUG - 118: Het is 19 uur en 3 minuten
2021-03-11 19:03:49,537 - mainapp - DEBUG - 119: Lamp gaat aan om 08:00:00
2021-03-11 19:03:49,537 - mainapp - DEBUG - 120: Lamp gaat uit om 20:08:00
2021-03-11 19:03:49,537 - mainapp - DEBUG - 121: Licht is aan gedurende 12:08:00
2021-03-11 19:03:49,538 - mainapp - DEBUG - 122: Pomp werkt gedurende 00:05:00 en gaat 4 keer aan om de 3:02:00
2021-03-11 19:03:49,538 - mainapp - DEBUG - 124: Airstone gaat 00:04:00 voor de pomp aan
2021-03-11 19:03:49,539 - mainapp - DEBUG - 129: Light.lightvariabele_1 = 1
2021-03-11 19:03:49,540 - mainapp - INFO - 131: TIMER LIGHT ON
2021-03-11 19:04:09,527 - mainapp - INFO - 279: self.testvariabele_1 = 1
2021-03-11 19:04:09,527 - mainapp - INFO - 281: OUTPUT LIGHT ON
2021-03-11 19:04:09,541 - mainapp - DEBUG - 118: Het is 19 uur en 4 minuten
2021-03-11 19:04:09,542 - mainapp - DEBUG - 119: Lamp gaat aan om 08:00:00
2021-03-11 19:04:09,542 - mainapp - DEBUG - 120: Lamp gaat uit om 20:08:00
2021-03-11 19:04:09,543 - mainapp - DEBUG - 121: Licht is aan gedurende 12:08:00
2021-03-11 19:04:09,544 - mainapp - DEBUG - 122: Pomp werkt gedurende 00:05:00 en gaat 4 keer aan om de 3:02:00
2021-03-11 19:04:09,544 - mainapp - DEBUG - 124: Airstone gaat 00:04:00 voor de pomp aan
2021-03-11 19:04:09,544 - mainapp - DEBUG - 129: Light.lightvariabele_1 = 1
2021-03-11 19:04:09,544 - mainapp - INFO - 131: TIMER LIGHT ON
2021-03-11 19:04:19,527 - mainapp - INFO - 279: self.testvariabele_1 = 1
2021-03-11 19:04:19,528 - mainapp - INFO - 281: OUTPUT LIGHT ON
2021-03-11 19:04:19,546 - mainapp - DEBUG - 118: Het is 19 uur en 4 minuten
2021-03-11 19:04:19,546 - mainapp - DEBUG - 119: Lamp gaat aan om 08:00:00
2021-03-11 19:04:19,546 - mainapp - DEBUG - 120: Lamp gaat uit om 20:08:00
2021-03-11 19:04:19,547 - mainapp - DEBUG - 121: Licht is aan gedurende 12:08:00
2021-03-11 19:04:19,547 - mainapp - DEBUG - 122: Pomp werkt gedurende 00:05:00 en gaat 4 keer aan om de 3:02:00
2021-03-11 19:04:19,547 - mainapp - DEBUG - 124: Airstone gaat 00:04:00 voor de pomp aan
2021-03-11 19:04:19,547 - mainapp - DEBUG - 129: Light.lightvariabele_1 = 1
2021-03-11 19:04:19,548 - mainapp - INFO - 131: TIMER LIGHT ON
2021-03-11 19:04:39,528 - mainapp - INFO - 279: self.testvariabele_1 = 1
2021-03-11 19:04:39,528 - mainapp - INFO - 281: OUTPUT LIGHT ON
2021-03-11 19:04:39,548 - mainapp - DEBUG - 118: Het is 19 uur en 4 minuten
2021-03-11 19:04:39,549 - mainapp - DEBUG - 119: Lamp gaat aan om 08:00:00
2021-03-11 19:04:39,549 - mainapp - DEBUG - 120: Lamp gaat uit om 20:08:00
2021-03-11 19:04:39,549 - mainapp - DEBUG - 121: Licht is aan gedurende 12:08:00
2021-03-11 19:04:39,550 - mainapp - DEBUG - 122: Pomp werkt gedurende 00:05:00 en gaat 4 keer aan om de 3:02:00
2021-03-11 19:04:39,550 - mainapp - DEBUG - 124: Airstone gaat 00:04:00 voor de pomp aan
2021-03-11 19:04:39,550 - mainapp - DEBUG - 129: Light.lightvariabele_1 = 1
2021-03-11 19:04:39,551 - mainapp - INFO - 131: TIMER LIGHT ON
2021-03-11 19:04:59,528 - mainapp - INFO - 279: self.testvariabele_1 = 1
2021-03-11 19:04:59,529 - mainapp - INFO - 281: OUTPUT LIGHT ON
2021-03-11 19:04:59,551 - mainapp - DEBUG - 118: Het is 19 uur en 4 minuten
2021-03-11 19:04:59,552 - mainapp - DEBUG - 119: Lamp gaat aan om 08:00:00
2021-03-11 19:04:59,552 - mainapp - DEBUG - 120: Lamp gaat uit om 20:08:00
2021-03-11 19:04:59,552 - mainapp - DEBUG - 121: Licht is aan gedurende 12:08:00
2021-03-11 19:04:59,552 - mainapp - DEBUG - 122: Pomp werkt gedurende 00:05:00 en gaat 4 keer aan om de 3:02:00
2021-03-11 19:04:59,553 - mainapp - DEBUG - 124: Airstone gaat 00:04:00 voor de pomp aan
2021-03-11 19:04:59,553 - mainapp - DEBUG - 129: Light.lightvariabele_1 = 1
2021-03-11 19:04:59,553 - mainapp - INFO - 131: TIMER LIGHT ON
2021-03-11 19:05:19,528 - mainapp - INFO - 279: self.testvariabele_1 = 1
2021-03-11 19:05:19,529 - mainapp - INFO - 281: OUTPUT LIGHT ON
2021-03-11 19:05:19,553 - mainapp - DEBUG - 118: Het is 19 uur en 5 minuten
2021-03-11 19:05:19,554 - mainapp - DEBUG - 119: Lamp gaat aan om 08:00:00
2021-03-11 19:05:19,554 - mainapp - DEBUG - 120: Lamp gaat uit om 20:08:00
2021-03-11 19:05:19,554 - mainapp - DEBUG - 121: Licht is aan gedurende 12:08:00
2021-03-11 19:05:19,555 - mainapp - DEBUG - 122: Pomp werkt gedurende 00:05:00 en gaat 4 keer aan om de 3:02:00
2021-03-11 19:05:19,555 - mainapp - DEBUG - 124: Airstone gaat 00:04:00 voor de pomp aan
2021-03-11 19:05:19,555 - mainapp - DEBUG - 129: Light.lightvariabele_1 = 1
2021-03-11 19:05:19,555 - mainapp - INFO - 131: TIMER LIGHT ON
2021-03-11 19:05:29,529 - mainapp - INFO - 279: self.testvariabele_1 = 1
2021-03-11 19:05:29,530 - mainapp - INFO - 281: OUTPUT LIGHT ON
2021-03-11 19:05:29,556 - mainapp - DEBUG - 118: Het is 19 uur en 5 minuten
2021-03-11 19:05:29,557 - mainapp - DEBUG - 119: Lamp gaat aan om 08:00:00
2021-03-11 19:05:29,557 - mainapp - DEBUG - 120: Lamp gaat uit om 20:08:00
2021-03-11 19:05:29,557 - mainapp - DEBUG - 121: Licht is aan gedurende 12:08:00
2021-03-11 19:05:29,558 - mainapp - DEBUG - 122: Pomp werkt gedurende 00:05:00 en gaat 4 keer aan om de 3:02:00
2021-03-11 19:05:29,558 - mainapp - DEBUG - 124: Airstone gaat 00:04:00 voor de pomp aan
2021-03-11 19:05:29,558 - mainapp - DEBUG - 129: Light.lightvariabele_1 = 1
2021-03-11 19:05:29,558 - mainapp - INFO - 131: TIMER LIGHT ON
2021-03-11 19:05:39,530 - mainapp - INFO - 279: self.testvariabele_1 = 1
2021-03-11 19:05:39,530 - mainapp - INFO - 281: OUTPUT LIGHT ON
2021-03-11 19:05:39,559 - mainapp - DEBUG - 118: Het is 19 uur en 5 minuten
2021-03-11 19:05:39,560 - mainapp - DEBUG - 119: Lamp gaat aan om 08:00:00
2021-03-11 19:05:39,560 - mainapp - DEBUG - 120: Lamp gaat uit om 20:08:00
2021-03-11 19:05:39,561 - mainapp - DEBUG - 121: Licht is aan gedurende 12:08:00
2021-03-11 19:05:39,561 - mainapp - DEBUG - 122: Pomp werkt gedurende 00:05:00 en gaat 4 keer aan om de 3:02:00
2021-03-11 19:05:39,561 - mainapp - DEBUG - 124: Airstone gaat 00:04:00 voor de pomp aan
2021-03-11 19:05:39,562 - mainapp - DEBUG - 129: Light.lightvariabele_1 = 1
2021-03-11 19:05:39,562 - mainapp - INFO - 131: TIMER LIGHT ON
2021-03-11 19:05:49,530 - mainapp - INFO - 279: self.testvariabele_1 = 1
2021-03-11 19:05:49,533 - mainapp - INFO - 281: OUTPUT LIGHT ON
2021-03-11 19:05:49,564 - mainapp - DEBUG - 118: Het is 19 uur en 5 minuten
2021-03-11 19:05:49,565 - mainapp - DEBUG - 119: Lamp gaat aan om 08:00:00
2021-03-11 19:05:49,566 - mainapp - DEBUG - 120: Lamp gaat uit om 20:08:00
2021-03-11 19:05:49,566 - mainapp - DEBUG - 121: Licht is aan gedurende 12:08:00
2021-03-11 19:05:49,567 - mainapp - DEBUG - 122: Pomp werkt gedurende 00:05:00 en gaat 4 keer aan om de 3:02:00
2021-03-11 19:05:49,567 - mainapp - DEBUG - 124: Airstone gaat 00:04:00 voor de pomp aan
2021-03-11 19:05:49,567 - mainapp - DEBUG - 129: Light.lightvariabele_1 = 1
2021-03-11 19:05:49,568 - mainapp - INFO - 131: TIMER LIGHT ON
2021-03-11 19:05:59,533 - mainapp - INFO - 279: self.testvariabele_1 = 1
2021-03-11 19:05:59,533 - mainapp - INFO - 281: OUTPUT LIGHT ON
2021-03-11 19:05:59,615 - mainapp - DEBUG - 118: Het is 19 uur en 5 minuten
2021-03-11 19:05:59,616 - mainapp - DEBUG - 119: Lamp gaat aan om 08:00:00
2021-03-11 19:05:59,617 - mainapp - DEBUG - 120: Lamp gaat uit om 20:08:00
2021-03-11 19:05:59,617 - mainapp - DEBUG - 121: Licht is aan gedurende 12:08:00
2021-03-11 19:05:59,618 - mainapp - DEBUG - 122: Pomp werkt gedurende 00:05:00 en gaat 4 keer aan om de 3:02:00
2021-03-11 19:05:59,618 - mainapp - DEBUG - 124: Airstone gaat 00:04:00 voor de pomp aan
2021-03-11 19:05:59,618 - mainapp - DEBUG - 129: Light.lightvariabele_1 = 1
2021-03-11 19:05:59,618 - mainapp - INFO - 131: TIMER LIGHT ON
2021-03-11 19:06:19,533 - mainapp - INFO - 279: self.testvariabele_1 = 1
2021-03-11 19:06:19,533 - mainapp - INFO - 281: OUTPUT LIGHT ON
2021-03-11 19:06:19,619 - mainapp - DEBUG - 118: Het is 19 uur en 6 minuten
2021-03-11 19:06:19,620 - mainapp - DEBUG - 119: Lamp gaat aan om 08:00:00
2021-03-11 19:06:19,622 - mainapp - DEBUG - 120: Lamp gaat uit om 20:08:00
2021-03-11 19:06:19,625 - mainapp - DEBUG - 121: Licht is aan gedurende 12:08:00
2021-03-11 19:06:19,625 - mainapp - DEBUG - 122: Pomp werkt gedurende 00:05:00 en gaat 4 keer aan om de 3:02:00
2021-03-11 19:06:19,626 - mainapp - DEBUG - 124: Airstone gaat 00:04:00 voor de pomp aan
2021-03-11 19:06:19,627 - mainapp - DEBUG - 129: Light.lightvariabele_1 = 1
2021-03-11 19:06:19,628 - mainapp - INFO - 131: TIMER LIGHT ON
2021-03-11 19:06:29,542 - mainapp - INFO - 279: self.testvariabele_1 = 1
2021-03-11 19:06:29,543 - mainapp - INFO - 281: OUTPUT LIGHT ON
2021-03-11 19:06:29,903 - mainapp - DEBUG - 118: Het is 19 uur en 6 minuten
2021-03-11 19:06:29,903 - mainapp - DEBUG - 119: Lamp gaat aan om 08:00:00
2021-03-11 19:06:29,904 - mainapp - DEBUG - 120: Lamp gaat uit om 20:08:00
2021-03-11 19:06:29,904 - mainapp - DEBUG - 121: Licht is aan gedurende 12:08:00
2021-03-11 19:06:29,905 - mainapp - DEBUG - 122: Pomp werkt gedurende 00:05:00 en gaat 4 keer aan om de 3:02:00
2021-03-11 19:06:29,906 - mainapp - DEBUG - 124: Airstone gaat 00:04:00 voor de pomp aan
2021-03-11 19:06:29,907 - mainapp - DEBUG - 129: Light.lightvariabele_1 = 1
2021-03-11 19:06:29,908 - mainapp - INFO - 131: TIMER LIGHT ON
2021-03-11 19:06:39,902 - mainapp - INFO - 279: self.testvariabele_1 = 1
2021-03-11 19:06:39,902 - mainapp - INFO - 281: OUTPUT LIGHT ON
2021-03-11 19:06:39,910 - mainapp - DEBUG - 118: Het is 19 uur en 6 minuten
2021-03-11 19:06:39,910 - mainapp - DEBUG - 119: Lamp gaat aan om 08:00:00
2021-03-11 19:06:39,910 - mainapp - DEBUG - 120: Lamp gaat uit om 20:08:00
2021-03-11 19:06:39,911 - mainapp - DEBUG - 121: Licht is aan gedurende 12:08:00
2021-03-11 19:06:39,911 - mainapp - DEBUG - 122: Pomp werkt gedurende 00:05:00 en gaat 4 keer aan om de 3:02:00
2021-03-11 19:06:39,911 - mainapp - DEBUG - 124: Airstone gaat 00:04:00 voor de pomp aan
2021-03-11 19:06:39,912 - mainapp - DEBUG - 129: Light.lightvariabele_1 = 1
2021-03-11 19:06:39,912 - mainapp - INFO - 131: TIMER LIGHT ON
2021-03-11 19:06:40,771 - mainapp - INFO - 912: End <__main__.SettingsWindow object at 0x7feffa163430>
2021-03-11 19:06:49,905 - mainapp - INFO - 279: self.testvariabele_1 = 1
2021-03-11 19:06:49,907 - mainapp - INFO - 281: OUTPUT LIGHT ON
2021-03-11 19:06:49,914 - mainapp - DEBUG - 118: Het is 19 uur en 6 minuten
2021-03-11 19:06:49,914 - mainapp - DEBUG - 119: Lamp gaat aan om 08:00:00
2021-03-11 19:06:49,914 - mainapp - DEBUG - 120: Lamp gaat uit om 20:08:00
2021-03-11 19:06:49,915 - mainapp - DEBUG - 121: Licht is aan gedurende 12:08:00
2021-03-11 19:06:49,915 - mainapp - DEBUG - 122: Pomp werkt gedurende 00:05:00 en gaat 4 keer aan om de 3:02:00
2021-03-11 19:06:49,915 - mainapp - DEBUG - 124: Airstone gaat 00:04:00 voor de pomp aan
2021-03-11 19:06:49,915 - mainapp - DEBUG - 129: Light.lightvariabele_1 = 1
2021-03-11 19:06:49,915 - mainapp - INFO - 131: TIMER LIGHT ON
2021-03-11 19:06:50,290 - mainapp - INFO - 352: End <__main__.Window object at 0x7feff8f21f70>
2021-03-11 19:06:59,910 - mainapp - INFO - 279: self.testvariabele_1 = 1
2021-03-11 19:06:59,912 - mainapp - INFO - 281: OUTPUT LIGHT ON
2021-03-11 19:06:59,920 - mainapp - DEBUG - 118: Het is 19 uur en 6 minuten
2021-03-11 19:06:59,920 - mainapp - DEBUG - 119: Lamp gaat aan om 08:00:00
2021-03-11 19:06:59,921 - mainapp - DEBUG - 120: Lamp gaat uit om 20:08:00
2021-03-11 19:06:59,921 - mainapp - DEBUG - 121: Licht is aan gedurende 12:08:00
2021-03-11 19:06:59,922 - mainapp - DEBUG - 122: Pomp werkt gedurende 00:05:00 en gaat 4 keer aan om de 3:02:00
2021-03-11 19:06:59,922 - mainapp - DEBUG - 124: Airstone gaat 00:04:00 voor de pomp aan
2021-03-11 19:06:59,922 - mainapp - DEBUG - 129: Light.lightvariabele_1 = 1
2021-03-11 19:06:59,922 - mainapp - INFO - 131: TIMER LIGHT ON
2021-03-11 19:07:09,917 - mainapp - INFO - 279: self.testvariabele_1 = 1
2021-03-11 19:07:09,917 - mainapp - INFO - 281: OUTPUT LIGHT ON
2021-03-11 19:07:09,926 - mainapp - DEBUG - 118: Het is 19 uur en 7 minuten
2021-03-11 19:07:09,927 - mainapp - DEBUG - 119: Lamp gaat aan om 08:00:00
2021-03-11 19:07:09,927 - mainapp - DEBUG - 120: Lamp gaat uit om 20:08:00
2021-03-11 19:07:09,927 - mainapp - DEBUG - 121: Licht is aan gedurende 12:08:00
2021-03-11 19:07:09,928 - mainapp - DEBUG - 122: Pomp werkt gedurende 00:05:00 en gaat 4 keer aan om de 3:02:00
2021-03-11 19:07:09,928 - mainapp - DEBUG - 124: Airstone gaat 00:04:00 voor de pomp aan
2021-03-11 19:07:09,928 - mainapp - DEBUG - 129: Light.lightvariabele_1 = 1
2021-03-11 19:07:09,929 - mainapp - INFO - 131: TIMER LIGHT ON
2021-03-11 19:07:19,922 - mainapp - INFO - 279: self.testvariabele_1 = 1
2021-03-11 19:07:19,923 - mainapp - INFO - 281: OUTPUT LIGHT ON
2021-03-11 19:07:19,930 - mainapp - DEBUG - 118: Het is 19 uur en 7 minuten
2021-03-11 19:07:19,930 - mainapp - DEBUG - 119: Lamp gaat aan om 08:00:00
2021-03-11 19:07:19,930 - mainapp - DEBUG - 120: Lamp gaat uit om 20:08:00
2021-03-11 19:07:19,931 - mainapp - DEBUG - 121: Licht is aan gedurende 12:08:00
2021-03-11 19:07:19,931 - mainapp - DEBUG - 122: Pomp werkt gedurende 00:05:00 en gaat 4 keer aan om de 3:02:00
2021-03-11 19:07:19,931 - mainapp - DEBUG - 124: Airstone gaat 00:04:00 voor de pomp aan
2021-03-11 19:07:19,931 - mainapp - DEBUG - 129: Light.lightvariabele_1 = 1
2021-03-11 19:07:19,931 - mainapp - INFO - 131: TIMER LIGHT ON
2021-03-11 19:07:29,924 - mainapp - INFO - 279: self.testvariabele_1 = 1
2021-03-11 19:07:29,925 - mainapp - INFO - 281: OUTPUT LIGHT ON
2021-03-11 19:07:29,937 - mainapp - DEBUG - 118: Het is 19 uur en 7 minuten
2021-03-11 19:07:29,937 - mainapp - DEBUG - 119: Lamp gaat aan om 08:00:00
2021-03-11 19:07:29,938 - mainapp - DEBUG - 120: Lamp gaat uit om 20:08:00
2021-03-11 19:07:29,938 - mainapp - DEBUG - 121: Licht is aan gedurende 12:08:00
2021-03-11 19:07:29,938 - mainapp - DEBUG - 122: Pomp werkt gedurende 00:05:00 en gaat 4 keer aan om de 3:02:00
2021-03-11 19:07:29,938 - mainapp - DEBUG - 124: Airstone gaat 00:04:00 voor de pomp aan
2021-03-11 19:07:29,938 - mainapp - DEBUG - 129: Light.lightvariabele_1 = 1
2021-03-11 19:07:29,939 - mainapp - INFO - 131: TIMER LIGHT ON
2021-03-11 19:07:39,930 - mainapp - INFO - 279: self.testvariabele_1 = 1
2021-03-11 19:07:39,930 - mainapp - INFO - 281: OUTPUT LIGHT ON
2021-03-11 19:07:39,943 - mainapp - DEBUG - 118: Het is 19 uur en 7 minuten
2021-03-11 19:07:39,944 - mainapp - DEBUG - 119: Lamp gaat aan om 08:00:00
2021-03-11 19:07:39,944 - mainapp - DEBUG - 120: Lamp gaat uit om 20:08:00
2021-03-11 19:07:39,944 - mainapp - DEBUG - 121: Licht is aan gedurende 12:08:00
2021-03-11 19:07:39,945 - mainapp - DEBUG - 122: Pomp werkt gedurende 00:05:00 en gaat 4 keer aan om de 3:02:00
2021-03-11 19:07:39,945 - mainapp - DEBUG - 124: Airstone gaat 00:04:00 voor de pomp aan
2021-03-11 19:07:39,945 - mainapp - DEBUG - 129: Light.lightvariabele_1 = 1
2021-03-11 19:07:39,945 - mainapp - INFO - 131: TIMER LIGHT ON
2021-03-11 19:07:49,933 - mainapp - INFO - 279: self.testvariabele_1 = 1
2021-03-11 19:07:49,933 - mainapp - INFO - 281: OUTPUT LIGHT ON
2021-03-11 19:07:49,947 - mainapp - DEBUG - 118: Het is 19 uur en 7 minuten
2021-03-11 19:07:49,947 - mainapp - DEBUG - 119: Lamp gaat aan om 08:00:00
2021-03-11 19:07:49,947 - mainapp - DEBUG - 120: Lamp gaat uit om 20:08:00
2021-03-11 19:07:49,948 - mainapp - DEBUG - 121: Licht is aan gedurende 12:08:00
2021-03-11 19:07:49,948 - mainapp - DEBUG - 122: Pomp werkt gedurende 00:05:00 en gaat 4 keer aan om de 3:02:00
2021-03-11 19:07:49,948 - mainapp - DEBUG - 124: Airstone gaat 00:04:00 voor de pomp aan
2021-03-11 19:07:49,948 - mainapp - DEBUG - 129: Light.lightvariabele_1 = 1
2021-03-11 19:07:49,948 - mainapp - INFO - 131: TIMER LIGHT ON
2021-03-11 19:07:59,937 - mainapp - INFO - 279: self.testvariabele_1 = 1
2021-03-11 19:07:59,938 - mainapp - INFO - 281: OUTPUT LIGHT ON
2021-03-11 19:07:59,955 - mainapp - DEBUG - 118: Het is 19 uur en 7 minuten
2021-03-11 19:07:59,956 - mainapp - DEBUG - 119: Lamp gaat aan om 08:00:00
2021-03-11 19:07:59,956 - mainapp - DEBUG - 120: Lamp gaat uit om 20:08:00
2021-03-11 19:07:59,956 - mainapp - DEBUG - 121: Licht is aan gedurende 12:08:00
2021-03-11 19:07:59,956 - mainapp - DEBUG - 122: Pomp werkt gedurende 00:05:00 en gaat 4 keer aan om de 3:02:00
2021-03-11 19:07:59,957 - mainapp - DEBUG - 124: Airstone gaat 00:04:00 voor de pomp aan
2021-03-11 19:07:59,957 - mainapp - DEBUG - 129: Light.lightvariabele_1 = 1
2021-03-11 19:07:59,957 - mainapp - INFO - 131: TIMER LIGHT ON
2021-03-11 19:08:09,938 - mainapp - INFO - 279: self.testvariabele_1 = 1
2021-03-11 19:08:09,939 - mainapp - INFO - 281: OUTPUT LIGHT ON
2021-03-11 19:08:09,958 - mainapp - DEBUG - 118: Het is 19 uur en 8 minuten
2021-03-11 19:08:09,959 - mainapp - DEBUG - 119: Lamp gaat aan om 08:00:00
2021-03-11 19:08:09,959 - mainapp - DEBUG - 120: Lamp gaat uit om 20:08:00
2021-03-11 19:08:09,959 - mainapp - DEBUG - 121: Licht is aan gedurende 12:08:00
2021-03-11 19:08:09,959 - mainapp - DEBUG - 122: Pomp werkt gedurende 00:05:00 en gaat 4 keer aan om de 3:02:00
2021-03-11 19:08:09,960 - mainapp - DEBUG - 124: Airstone gaat 00:04:00 voor de pomp aan
2021-03-11 19:08:09,960 - mainapp - DEBUG - 129: Light.lightvariabele_1 = 1
2021-03-11 19:08:09,960 - mainapp - INFO - 131: TIMER LIGHT ON
2021-03-11 19:08:19,939 - mainapp - INFO - 279: self.testvariabele_1 = 1
2021-03-11 19:08:19,940 - mainapp - INFO - 281: OUTPUT LIGHT ON
2021-03-11 19:08:19,961 - mainapp - DEBUG - 118: Het is 19 uur en 8 minuten
2021-03-11 19:08:19,962 - mainapp - DEBUG - 119: Lamp gaat aan om 08:00:00
2021-03-11 19:08:19,962 - mainapp - DEBUG - 120: Lamp gaat uit om 20:08:00
2021-03-11 19:08:19,962 - mainapp - DEBUG - 121: Licht is aan gedurende 12:08:00
2021-03-11 19:08:19,963 - mainapp - DEBUG - 122: Pomp werkt gedurende 00:05:00 en gaat 4 keer aan om de 3:02:00
2021-03-11 19:08:19,963 - mainapp - DEBUG - 124: Airstone gaat 00:04:00 voor de pomp aan
2021-03-11 19:08:19,963 - mainapp - DEBUG - 129: Light.lightvariabele_1 = 1
2021-03-11 19:08:19,964 - mainapp - INFO - 131: TIMER LIGHT ON
2021-03-11 19:08:29,940 - mainapp - INFO - 279: self.testvariabele_1 = 1
2021-03-11 19:08:29,940 - mainapp - INFO - 281: OUTPUT LIGHT ON
2021-03-11 19:08:29,964 - mainapp - DEBUG - 118: Het is 19 uur en 8 minuten
2021-03-11 19:08:29,965 - mainapp - DEBUG - 119: Lamp gaat aan om 08:00:00
2021-03-11 19:08:29,965 - mainapp - DEBUG - 120: Lamp gaat uit om 20:08:00
2021-03-11 19:08:29,965 - mainapp - DEBUG - 121: Licht is aan gedurende 12:08:00
2021-03-11 19:08:29,965 - mainapp - DEBUG - 122: Pomp werkt gedurende 00:05:00 en gaat 4 keer aan om de 3:02:00
2021-03-11 19:08:29,966 - mainapp - DEBUG - 124: Airstone gaat 00:04:00 voor de pomp aan
2021-03-11 19:08:29,966 - mainapp - DEBUG - 129: Light.lightvariabele_1 = 1
2021-03-11 19:08:29,966 - mainapp - INFO - 131: TIMER LIGHT ON
2021-03-11 19:08:39,944 - mainapp - INFO - 279: self.testvariabele_1 = 1
2021-03-11 19:08:39,944 - mainapp - INFO - 281: OUTPUT LIGHT ON
2021-03-11 19:08:39,968 - mainapp - DEBUG - 118: Het is 19 uur en 8 minuten
2021-03-11 19:08:39,968 - mainapp - DEBUG - 119: Lamp gaat aan om 08:00:00
2021-03-11 19:08:39,968 - mainapp - DEBUG - 120: Lamp gaat uit om 20:08:00
2021-03-11 19:08:39,969 - mainapp - DEBUG - 121: Licht is aan gedurende 12:08:00
2021-03-11 19:08:39,969 - mainapp - DEBUG - 122: Pomp werkt gedurende 00:05:00 en gaat 4 keer aan om de 3:02:00
2021-03-11 19:08:39,969 - mainapp - DEBUG - 124: Airstone gaat 00:04:00 voor de pomp aan
2021-03-11 19:08:39,969 - mainapp - DEBUG - 129: Light.lightvariabele_1 = 1
2021-03-11 19:08:39,969 - mainapp - INFO - 131: TIMER LIGHT ON
2021-03-11 19:08:49,947 - mainapp - INFO - 279: self.testvariabele_1 = 1
2021-03-11 19:08:49,948 - mainapp - INFO - 281: OUTPUT LIGHT ON
2021-03-11 19:08:49,975 - mainapp - DEBUG - 118: Het is 19 uur en 8 minuten
2021-03-11 19:08:49,976 - mainapp - DEBUG - 119: Lamp gaat aan om 08:00:00
2021-03-11 19:08:49,976 - mainapp - DEBUG - 120: Lamp gaat uit om 20:08:00
2021-03-11 19:08:49,976 - mainapp - DEBUG - 121: Licht is aan gedurende 12:08:00
2021-03-11 19:08:49,976 - mainapp - DEBUG - 122: Pomp werkt gedurende 00:05:00 en gaat 4 keer aan om de 3:02:00
2021-03-11 19:08:49,977 - mainapp - DEBUG - 124: Airstone gaat 00:04:00 voor de pomp aan
2021-03-11 19:08:49,977 - mainapp - DEBUG - 129: Light.lightvariabele_1 = 1
2021-03-11 19:08:49,977 - mainapp - INFO - 131: TIMER LIGHT ON
2021-03-11 19:08:59,953 - mainapp - INFO - 279: self.testvariabele_1 = 1
2021-03-11 19:08:59,954 - mainapp - INFO - 281: OUTPUT LIGHT ON
2021-03-11 19:08:59,981 - mainapp - DEBUG - 118: Het is 19 uur en 8 minuten
2021-03-11 19:08:59,981 - mainapp - DEBUG - 119: Lamp gaat aan om 08:00:00
2021-03-11 19:08:59,981 - mainapp - DEBUG - 120: Lamp gaat uit om 20:08:00
2021-03-11 19:08:59,981 - mainapp - DEBUG - 121: Licht is aan gedurende 12:08:00
2021-03-11 19:08:59,982 - mainapp - DEBUG - 122: Pomp werkt gedurende 00:05:00 en gaat 4 keer aan om de 3:02:00
2021-03-11 19:08:59,982 - mainapp - DEBUG - 124: Airstone gaat 00:04:00 voor de pomp aan
2021-03-11 19:08:59,982 - mainapp - DEBUG - 129: Light.lightvariabele_1 = 1
2021-03-11 19:08:59,982 - mainapp - INFO - 131: TIMER LIGHT ON
2021-03-11 19:09:09,957 - mainapp - INFO - 279: self.testvariabele_1 = 1
2021-03-11 19:09:09,958 - mainapp - INFO - 281: OUTPUT LIGHT ON
2021-03-11 19:09:09,985 - mainapp - DEBUG - 118: Het is 19 uur en 9 minuten
2021-03-11 19:09:09,986 - mainapp - DEBUG - 119: Lamp gaat aan om 08:00:00
2021-03-11 19:09:09,986 - mainapp - DEBUG - 120: Lamp gaat uit om 20:08:00
2021-03-11 19:09:09,986 - mainapp - DEBUG - 121: Licht is aan gedurende 12:08:00
2021-03-11 19:09:09,986 - mainapp - DEBUG - 122: Pomp werkt gedurende 00:05:00 en gaat 4 keer aan om de 3:02:00
2021-03-11 19:09:09,987 - mainapp - DEBUG - 124: Airstone gaat 00:04:00 voor de pomp aan
2021-03-11 19:09:09,987 - mainapp - DEBUG - 129: Light.lightvariabele_1 = 1
2021-03-11 19:09:09,988 - mainapp - INFO - 131: TIMER LIGHT ON
2021-03-11 19:09:19,961 - mainapp - INFO - 279: self.testvariabele_1 = 1
2021-03-11 19:09:19,962 - mainapp - INFO - 281: OUTPUT LIGHT ON
2021-03-11 19:09:19,994 - mainapp - DEBUG - 118: Het is 19 uur en 9 minuten
2021-03-11 19:09:19,994 - mainapp - DEBUG - 119: Lamp gaat aan om 08:00:00
2021-03-11 19:09:19,995 - mainapp - DEBUG - 120: Lamp gaat uit om 20:08:00
2021-03-11 19:09:19,995 - mainapp - DEBUG - 121: Licht is aan gedurende 12:08:00
2021-03-11 19:09:19,996 - mainapp - DEBUG - 122: Pomp werkt gedurende 00:05:00 en gaat 4 keer aan om de 3:02:00
2021-03-11 19:09:19,996 - mainapp - DEBUG - 124: Airstone gaat 00:04:00 voor de pomp aan
2021-03-11 19:09:19,996 - mainapp - DEBUG - 129: Light.lightvariabele_1 = 1
2021-03-11 19:09:19,996 - mainapp - INFO - 131: TIMER LIGHT ON
2021-03-11 19:09:29,966 - mainapp - INFO - 279: self.testvariabele_1 = 1
2021-03-11 19:09:29,967 - mainapp - INFO - 281: OUTPUT LIGHT ON
2021-03-11 19:09:30,001 - mainapp - DEBUG - 118: Het is 19 uur en 9 minuten
2021-03-11 19:09:30,001 - mainapp - DEBUG - 119: Lamp gaat aan om 08:00:00
2021-03-11 19:09:30,002 - mainapp - DEBUG - 120: Lamp gaat uit om 20:08:00
2021-03-11 19:09:30,002 - mainapp - DEBUG - 121: Licht is aan gedurende 12:08:00
2021-03-11 19:09:30,002 - mainapp - DEBUG - 122: Pomp werkt gedurende 00:05:00 en gaat 4 keer aan om de 3:02:00
2021-03-11 19:09:30,002 - mainapp - DEBUG - 124: Airstone gaat 00:04:00 voor de pomp aan
2021-03-11 19:09:30,003 - mainapp - DEBUG - 129: Light.lightvariabele_1 = 1
2021-03-11 19:09:30,003 - mainapp - INFO - 131: TIMER LIGHT ON
2021-03-11 19:09:39,967 - mainapp - INFO - 279: self.testvariabele_1 = 1
2021-03-11 19:09:39,968 - mainapp - INFO - 281: OUTPUT LIGHT ON
2021-03-11 19:09:40,004 - mainapp - DEBUG - 118: Het is 19 uur en 9 minuten
2021-03-11 19:09:40,005 - mainapp - DEBUG - 119: Lamp gaat aan om 08:00:00
2021-03-11 19:09:40,005 - mainapp - DEBUG - 120: Lamp gaat uit om 20:08:00
2021-03-11 19:09:40,006 - mainapp - DEBUG - 121: Licht is aan gedurende 12:08:00
2021-03-11 19:09:40,006 - mainapp - DEBUG - 122: Pomp werkt gedurende 00:05:00 en gaat 4 keer aan om de 3:02:00
2021-03-11 19:09:40,007 - mainapp - DEBUG - 124: Airstone gaat 00:04:00 voor de pomp aan
2021-03-11 19:09:40,007 - mainapp - DEBUG - 129: Light.lightvariabele_1 = 1
2021-03-11 19:09:40,007 - mainapp - INFO - 131: TIMER LIGHT ON
2021-03-11 19:09:49,968 - mainapp - INFO - 279: self.testvariabele_1 = 1
2021-03-11 19:09:49,969 - mainapp - INFO - 281: OUTPUT LIGHT ON
2021-03-11 19:09:50,010 - mainapp - DEBUG - 118: Het is 19 uur en 9 minuten
2021-03-11 19:09:50,010 - mainapp - DEBUG - 119: Lamp gaat aan om 08:00:00
2021-03-11 19:09:50,011 - mainapp - DEBUG - 120: Lamp gaat uit om 20:08:00
2021-03-11 19:09:50,012 - mainapp - DEBUG - 121: Licht is aan gedurende 12:08:00
2021-03-11 19:09:50,012 - mainapp - DEBUG - 122: Pomp werkt gedurende 00:05:00 en gaat 4 keer aan om de 3:02:00
2021-03-11 19:09:50,013 - mainapp - DEBUG - 124: Airstone gaat 00:04:00 voor de pomp aan
2021-03-11 19:09:50,014 - mainapp - DEBUG - 129: Light.lightvariabele_1 = 1
2021-03-11 19:09:50,014 - mainapp - INFO - 131: TIMER LIGHT ON
2021-03-11 19:10:00,231 - mainapp - INFO - 279: self.testvariabele_1 = 1
2021-03-11 19:10:00,232 - mainapp - INFO - 281: OUTPUT LIGHT ON
2021-03-11 19:10:00,238 - mainapp - DEBUG - 118: Het is 19 uur en 10 minuten
2021-03-11 19:10:00,239 - mainapp - DEBUG - 119: Lamp gaat aan om 08:00:00
2021-03-11 19:10:00,353 - mainapp - DEBUG - 120: Lamp gaat uit om 20:08:00
2021-03-11 19:10:00,357 - mainapp - DEBUG - 121: Licht is aan gedurende 12:08:00
2021-03-11 19:10:00,358 - mainapp - DEBUG - 122: Pomp werkt gedurende 00:05:00 en gaat 4 keer aan om de 3:02:00
2021-03-11 19:10:00,359 - mainapp - DEBUG - 124: Airstone gaat 00:04:00 voor de pomp aan
2021-03-11 19:10:00,360 - mainapp - DEBUG - 129: Light.lightvariabele_1 = 1
2021-03-11 19:10:00,361 - mainapp - INFO - 131: TIMER LIGHT ON
2021-03-11 19:10:10,233 - mainapp - INFO - 279: self.testvariabele_1 = 1
2021-03-11 19:10:10,233 - mainapp - INFO - 281: OUTPUT LIGHT ON
2021-03-11 19:10:10,442 - mainapp - DEBUG - 118: Het is 19 uur en 10 minuten
2021-03-11 19:10:10,442 - mainapp - DEBUG - 119: Lamp gaat aan om 08:00:00
2021-03-11 19:10:10,443 - mainapp - DEBUG - 120: Lamp gaat uit om 20:08:00
2021-03-11 19:10:10,443 - mainapp - DEBUG - 121: Licht is aan gedurende 12:08:00
2021-03-11 19:10:10,444 - mainapp - DEBUG - 122: Pomp werkt gedurende 00:05:00 en gaat 4 keer aan om de 3:02:00
2021-03-11 19:10:10,444 - mainapp - DEBUG - 124: Airstone gaat 00:04:00 voor de pomp aan
2021-03-11 19:10:10,444 - mainapp - DEBUG - 129: Light.lightvariabele_1 = 1
2021-03-11 19:10:10,445 - mainapp - INFO - 131: TIMER LIGHT ON
2021-03-11 19:10:20,233 - mainapp - INFO - 279: self.testvariabele_1 = 1
2021-03-11 19:10:20,234 - mainapp - INFO - 281: OUTPUT LIGHT ON
2021-03-11 19:10:20,446 - mainapp - DEBUG - 118: Het is 19 uur en 10 minuten
2021-03-11 19:10:20,447 - mainapp - DEBUG - 119: Lamp gaat aan om 08:00:00
2021-03-11 19:10:20,448 - mainapp - DEBUG - 120: Lamp gaat uit om 20:08:00
2021-03-11 19:10:20,448 - mainapp - DEBUG - 121: Licht is aan gedurende 12:08:00
2021-03-11 19:10:20,449 - mainapp - DEBUG - 122: Pomp werkt gedurende 00:05:00 en gaat 4 keer aan om de 3:02:00
2021-03-11 19:10:20,450 - mainapp - DEBUG - 124: Airstone gaat 00:04:00 voor de pomp aan
2021-03-11 19:10:20,452 - mainapp - DEBUG - 129: Light.lightvariabele_1 = 1
2021-03-11 19:10:20,453 - mainapp - INFO - 131: TIMER LIGHT ON
2021-03-11 19:10:30,235 - mainapp - INFO - 279: self.testvariabele_1 = 1
2021-03-11 19:10:30,235 - mainapp - INFO - 281: OUTPUT LIGHT ON
2021-03-11 19:10:30,454 - mainapp - DEBUG - 118: Het is 19 uur en 10 minuten
2021-03-11 19:10:30,455 - mainapp - DEBUG - 119: Lamp gaat aan om 08:00:00
2021-03-11 19:10:30,455 - mainapp - DEBUG - 120: Lamp gaat uit om 20:08:00
2021-03-11 19:10:30,455 - mainapp - DEBUG - 121: Licht is aan gedurende 12:08:00
2021-03-11 19:10:30,456 - mainapp - DEBUG - 122: Pomp werkt gedurende 00:05:00 en gaat 4 keer aan om de 3:02:00
2021-03-11 19:10:30,456 - mainapp - DEBUG - 124: Airstone gaat 00:04:00 voor de pomp aan
2021-03-11 19:10:30,456 - mainapp - DEBUG - 129: Light.lightvariabele_1 = 1
2021-03-11 19:10:30,457 - mainapp - INFO - 131: TIMER LIGHT ON
2021-03-11 19:10:40,240 - mainapp - INFO - 279: self.testvariabele_1 = 1
2021-03-11 19:10:40,240 - mainapp - INFO - 281: OUTPUT LIGHT ON
2021-03-11 19:10:40,462 - mainapp - DEBUG - 118: Het is 19 uur en 10 minuten
2021-03-11 19:10:40,463 - mainapp - DEBUG - 119: Lamp gaat aan om 08:00:00
2021-03-11 19:10:40,463 - mainapp - DEBUG - 120: Lamp gaat uit om 20:08:00
2021-03-11 19:10:40,463 - mainapp - DEBUG - 121: Licht is aan gedurende 12:08:00
2021-03-11 19:10:40,463 - mainapp - DEBUG - 122: Pomp werkt gedurende 00:05:00 en gaat 4 keer aan om de 3:02:00
2021-03-11 19:10:40,464 - mainapp - DEBUG - 124: Airstone gaat 00:04:00 voor de pomp aan
2021-03-11 19:10:40,464 - mainapp - DEBUG - 129: Light.lightvariabele_1 = 1
2021-03-11 19:10:40,464 - mainapp - INFO - 131: TIMER LIGHT ON
2021-03-11 19:10:50,243 - mainapp - INFO - 279: self.testvariabele_1 = 1
2021-03-11 19:10:50,244 - mainapp - INFO - 281: OUTPUT LIGHT ON
2021-03-11 19:10:50,466 - mainapp - DEBUG - 118: Het is 19 uur en 10 minuten
2021-03-11 19:10:50,467 - mainapp - DEBUG - 119: Lamp gaat aan om 08:00:00
2021-03-11 19:10:50,467 - mainapp - DEBUG - 120: Lamp gaat uit om 20:08:00
2021-03-11 19:10:50,467 - mainapp - DEBUG - 121: Licht is aan gedurende 12:08:00
2021-03-11 19:10:50,467 - mainapp - DEBUG - 122: Pomp werkt gedurende 00:05:00 en gaat 4 keer aan om de 3:02:00
2021-03-11 19:10:50,467 - mainapp - DEBUG - 124: Airstone gaat 00:04:00 voor de pomp aan
2021-03-11 19:10:50,468 - mainapp - DEBUG - 129: Light.lightvariabele_1 = 1
2021-03-11 19:10:50,468 - mainapp - INFO - 131: TIMER LIGHT ON
2021-03-11 19:11:00,246 - mainapp - INFO - 279: self.testvariabele_1 = 1
2021-03-11 19:11:00,247 - mainapp - INFO - 281: OUTPUT LIGHT ON
2021-03-11 19:11:00,469 - mainapp - DEBUG - 118: Het is 19 uur en 11 minuten
2021-03-11 19:11:00,470 - mainapp - DEBUG - 119: Lamp gaat aan om 08:00:00
2021-03-11 19:11:00,470 - mainapp - DEBUG - 120: Lamp gaat uit om 20:08:00
2021-03-11 19:11:00,470 - mainapp - DEBUG - 121: Licht is aan gedurende 12:08:00
2021-03-11 19:11:00,470 - mainapp - DEBUG - 122: Pomp werkt gedurende 00:05:00 en gaat 4 keer aan om de 3:02:00
2021-03-11 19:11:00,471 - mainapp - DEBUG - 124: Airstone gaat 00:04:00 voor de pomp aan
2021-03-11 19:11:00,471 - mainapp - DEBUG - 129: Light.lightvariabele_1 = 1
2021-03-11 19:11:00,471 - mainapp - INFO - 131: TIMER LIGHT ON
2021-03-11 19:11:10,250 - mainapp - INFO - 279: self.testvariabele_1 = 1
2021-03-11 19:11:10,250 - mainapp - INFO - 281: OUTPUT LIGHT ON
2021-03-11 19:11:10,476 - mainapp - DEBUG - 118: Het is 19 uur en 11 minuten
2021-03-11 19:11:10,476 - mainapp - DEBUG - 119: Lamp gaat aan om 08:00:00
2021-03-11 19:11:10,477 - mainapp - DEBUG - 120: Lamp gaat uit om 20:08:00
2021-03-11 19:11:10,477 - mainapp - DEBUG - 121: Licht is aan gedurende 12:08:00
2021-03-11 19:11:10,478 - mainapp - DEBUG - 122: Pomp werkt gedurende 00:05:00 en gaat 4 keer aan om de 3:02:00
2021-03-11 19:11:10,478 - mainapp - DEBUG - 124: Airstone gaat 00:04:00 voor de pomp aan
2021-03-11 19:11:10,479 - mainapp - DEBUG - 129: Light.lightvariabele_1 = 1
2021-03-11 19:11:10,479 - mainapp - INFO - 131: TIMER LIGHT ON
2021-03-11 19:11:20,252 - mainapp - INFO - 279: self.testvariabele_1 = 1
2021-03-11 19:11:20,253 - mainapp - INFO - 281: OUTPUT LIGHT ON
2021-03-11 19:11:20,485 - mainapp - DEBUG - 118: Het is 19 uur en 11 minuten
2021-03-11 19:11:20,485 - mainapp - DEBUG - 119: Lamp gaat aan om 08:00:00
2021-03-11 19:11:20,485 - mainapp - DEBUG - 120: Lamp gaat uit om 20:08:00
2021-03-11 19:11:20,485 - mainapp - DEBUG - 121: Licht is aan gedurende 12:08:00
2021-03-11 19:11:20,486 - mainapp - DEBUG - 122: Pomp werkt gedurende 00:05:00 en gaat 4 keer aan om de 3:02:00
2021-03-11 19:11:20,486 - mainapp - DEBUG - 124: Airstone gaat 00:04:00 voor de pomp aan
2021-03-11 19:11:20,486 - mainapp - DEBUG - 129: Light.lightvariabele_1 = 1
2021-03-11 19:11:20,487 - mainapp - INFO - 131: TIMER LIGHT ON
2021-03-11 19:11:27,019 - mainapp - INFO - 953: End <__main__.ShutdownWindow object at 0x7feff8f21a60>
2021-03-11 19:11:30,254 - mainapp - INFO - 279: self.testvariabele_1 = 1
2021-03-11 19:11:30,255 - mainapp - INFO - 281: OUTPUT LIGHT ON
2021-03-11 19:11:30,489 - mainapp - DEBUG - 118: Het is 19 uur en 11 minuten
2021-03-11 19:11:30,489 - mainapp - DEBUG - 119: Lamp gaat aan om 08:00:00
2021-03-11 19:11:30,490 - mainapp - DEBUG - 120: Lamp gaat uit om 20:08:00
2021-03-11 19:11:30,490 - mainapp - DEBUG - 121: Licht is aan gedurende 12:08:00
2021-03-11 19:11:30,490 - mainapp - DEBUG - 122: Pomp werkt gedurende 00:05:00 en gaat 4 keer aan om de 3:02:00
2021-03-11 19:11:30,490 - mainapp - DEBUG - 124: Airstone gaat 00:04:00 voor de pomp aan
2021-03-11 19:11:30,491 - mainapp - DEBUG - 129: Light.lightvariabele_1 = 1
2021-03-11 19:11:30,491 - mainapp - INFO - 131: TIMER LIGHT ON
